logging output to logs\2024-06-22_11-18-21.log

================================================================================
Switch 2.0.7, https://switch-model.org
================================================================================
Arguments:
    log_run_to_file=True, logs_dir='logs', log_level='debug',
    inputs_dir='inputs', suffixes=['dual'], solver='cplex',
    solver_manager='serial', solver_options_string='lpmethod=4 solutiontype=2',
    tee=True, outputs_dir='outputs', no_save_solution=True, verbose=True

Modules:
    switch_model, switch_model.timescales, switch_model.financials,
    switch_model.balancing.load_zones, switch_model.energy_sources.properties,
    switch_model.generators.core.build, switch_model.generators.core.dispatch,
    switch_model.reporting, switch_model.balancing.diagnose_infeasibility,
    switch_model.generators.core.no_commit,
    switch_model.generators.extensions.hydro_simple,
    switch_model.generators.extensions.storage,
    switch_model.energy_sources.fuel_costs.simple, switch_model.solve
================================================================================

relaxed constraint Max_Build_Potential
relaxed constraint Enforce_Min_Build_Lower
relaxed constraint Enforce_Min_Build_Upper
relaxed constraint Enforce_Dispatch_Baseload_Flat
relaxed constraint Enforce_Dispatch_Upper_Limit
relaxed constraint GenFuelUseRate_Calculate
relaxed constraint Enforce_Hydro_Min_Flow
relaxed constraint Enforce_Hydro_Avg_Flow
relaxed constraint Enforce_Fixed_Energy_Storage_Ratio
relaxed constraint Charge_Storage_Upper_Limit
relaxed constraint Track_State_Of_Charge
relaxed constraint State_Of_Charge_Upper_Limit
relaxed constraint Battery_Cycle_Limit
relaxed constraint Enforce_Fuel_Unavailability
relaxed constraint Zone_Energy_Balance
Model defined in 0.66 s.

Loading inputs...
Data read in 1.69 s.

Constructing model instance from data and rules...
           0 seconds to construct Set PERIODS; 1 index total
Constructed 1 of 6820 components (0%)
           0 seconds to construct Param period_start; 1 index total
           0 seconds to construct Param period_end; 1 index total
           0 seconds to construct BuildCheck min_data_check_0; 1 index total
           0 seconds to construct Set TIMESERIES; 1 index total
           0 seconds to construct Param ts_period; 8 indices total
           0 seconds to construct Param ts_duration_of_tp; 8 indices total
           0 seconds to construct Param ts_num_tps; 8 indices total
           0 seconds to construct Param ts_scale_to_period; 8 indices total
           0 seconds to construct BuildCheck min_data_check_1; 1 index total
           0 seconds to construct Set TIMEPOINTS; 1 index total
           0 seconds to construct Param tp_ts; 192 indices total
           0 seconds to construct BuildCheck min_data_check_2; 1 index total
           0 seconds to construct Param tp_timestamp; 192 indices total
           0 seconds to construct Param tp_duration_hrs; 192 indices total
           0 seconds to construct Param tp_weight; 192 indices total
           0 seconds to construct Set TPS_IN_TS; 8 indices total
           0 seconds to construct Param tp_period; 192 indices total
           0 seconds to construct Set TS_IN_PERIOD; 1 index total
           0 seconds to construct Set TPS_IN_PERIOD; 1 index total
           0 seconds to construct Param add_one_to_period_end; 1 index total
           0 seconds to construct Param period_length_years; 1 index total
           0 seconds to construct Param period_length_hours; 1 index total
           0 seconds to construct Set CURRENT_AND_PRIOR_PERIODS_FOR_PERIOD; 1 index total
           0 seconds to construct Param ts_scale_to_year; 8 indices total
           0 seconds to construct Param ts_duration_hrs; 8 indices total
           0 seconds to construct Param tp_weight_in_year; 192 indices total
           0 seconds to construct Param tp_previous; 192 indices total
           0 seconds to construct BuildCheck validate_time_weights; 1 index total
           0 seconds to construct BuildCheck validate_period_lengths; 1 index total
           0 seconds to construct Param base_financial_year; 1 index total
           0 seconds to construct Param interest_rate; 1 index total
           0 seconds to construct Param discount_rate; 1 index total
           0 seconds to construct BuildCheck min_data_check_3; 1 index total
           0 seconds to construct Param bring_annual_costs_to_base_year; 1 index total
           0 seconds to construct Param bring_timepoint_costs_to_base_year; 192 indices total
           0 seconds to construct Set LOAD_ZONES; 1 index total
           0 seconds to construct Set SetProduct_OrderedSet; 1 index total
           0 seconds to construct Set SetProduct_OrderedSet; 1 index total
        0.02 seconds to construct Set ZONE_TIMEPOINTS; 1 index total
        0.01 seconds to construct Param zone_demand_mw; 960 indices total
           0 seconds to construct Param zone_ccs_distance_km; 5 indices total
           0 seconds to construct Param zone_dbid; 5 indices total
           0 seconds to construct BuildCheck min_data_check_4; 1 index total
           0 seconds to construct Set EXTERNAL_COINCIDENT_PEAK_DEMAND_ZONE_PERIODS_domain; 1 index total
           0 seconds to construct Set EXTERNAL_COINCIDENT_PEAK_DEMAND_ZONE_PERIODS_domain; 1 index total
           0 seconds to construct Set EXTERNAL_COINCIDENT_PEAK_DEMAND_ZONE_PERIODS; 1 index total
           0 seconds to construct Param zone_expected_coincident_peak_demand; 0 index total
           0 seconds to construct Set zone_total_demand_in_period_mwh_index; 1 index total
           0 seconds to construct Set zone_total_demand_in_period_mwh_index; 1 index total
           0 seconds to construct Param zone_total_demand_in_period_mwh; 5 indices total
           0 seconds to construct Set NON_FUEL_ENERGY_SOURCES; 1 index total
           0 seconds to construct Set FUELS; 1 index total
           0 seconds to construct Param f_co2_intensity; 14 indices total
           0 seconds to construct Param f_upstream_co2_intensity; 14 indices total
           0 seconds to construct BuildCheck min_data_check_5; 1 index total
           0 seconds to construct Set SetIntersection_OrderedSet; 1 index total
           0 seconds to construct Set SetIntersection_OrderedSet; 1 index total
           0 seconds to construct BuildCheck e_source_is_fuel_or_not_check; 1 index total
           0 seconds to construct Set SetUnion_OrderedSet; 1 index total
           0 seconds to construct Set SetUnion_OrderedSet; 1 index total
           0 seconds to construct Set ENERGY_SOURCES; 1 index total
           0 seconds to construct BuildCheck min_data_check_6; 1 index total
           0 seconds to construct Set GENERATION_PROJECTS; 1 index total
           0 seconds to construct Param gen_dbid; 613 indices total
           0 seconds to construct Param gen_tech; 613 indices total
           0 seconds to construct Set GENERATION_TECHNOLOGIES; 1 index total
           0 seconds to construct Param gen_energy_source; 613 indices total
           0 seconds to construct Param gen_load_zone; 613 indices total
        0.01 seconds to construct Param gen_max_age; 613 indices total
           0 seconds to construct Param gen_is_variable; 613 indices total
           0 seconds to construct Param gen_is_baseload; 613 indices total
           0 seconds to construct Param gen_is_cogen; 613 indices total
           0 seconds to construct Param gen_is_distributed; 613 indices total
           0 seconds to construct Param gen_scheduled_outage_rate; 613 indices total
ERROR: Constructing component 'gen_scheduled_outage_rate' from
    data={'ALTOANCHICAY': 1.946, 'AMOYA': 574, 'BAJOANCHICAY': 314,
    'BARRANQUILL3': 304, 'BARRANQUILL4': 304, 'BETANIA': 1.069, 'C_LLERAS_R':
    0.1, 'CALDERAS': 1.069, 'CALIMA': 3.327, 'CANDELARIA1': 304,
    'CANDELARIA2': 304, 'CARTAGENA1': 304, 'CARTAGENA2': 304, 'CARTAGENA3':
    304, 'CARTAGGAS1': 304, 'CARTAGGAS2': 304, 'CARTAGGAS3': 304, 'CHIVOR':
    2.232, 'CUCUANA': 0.15, 'ELTESORITO': 304, 'ESMERALDA': 1.243, 'FLORES 1':
    304, 'FLORES1GN': 304, 'FLORES4': 304, 'FLORES4GIM': 304, 'GUAJ1GAS': 304,
    'GUAJ2GAS': 304, 'GUAJIRA1': 304, 'GUAJIRA2': 304, 'GUATAPE': 516,
    'GUAVIO': 639, 'H_AguaFresca': 573, 'H_Alejandria': 573, 'H_Amaime': 573,
    'H_Barroso': 573, 'H_Caruquia': 573, 'H_Dovio': 573, 'H_ElPopal': 573,
    'H_Flautas': 573, 'H_Guanaquita': 573, 'H_Montanitas': 573, 'H_MorroAzul':
    573, 'H_Paloma': 573, 'H_ProvidencI': 573, 'H_RioBravoCa': 573,
    'H_RioMultat1': 573, 'H_TuluaAlto': 573, 'H_TuluaBajo': 573, 'INSULA':
    0.38, 'JAGUAS': 1.601, 'LAGUN-LIMON': 0.1, 'MERILECTRICA': 304, 'PAIPA 1':
    304, 'PAIPA 2': 304, 'PAIPA 3': 304, 'PAIPA 4': 304, 'PARAISO': 684,
    'PLAYAS': 1.034, 'PRADO': 1.455, 'PRADO4': 0.38, 'PROELECTRIC1': 304,
    'PROELECTRIC2': 304, 'SALVAJINA': 1.947, 'SNMIGUEL': 0.1, 'SOGAMOSO':
    0.15, 'TASAJERO 1': 304, 'TASAJERO 2': 304, 'TC_GECELCA3': 304,
    'TC_GECELCA32': 304, 'TEBSAB': 304, 'TEBSAGIM': 304, 'TERMO YOPAL2': 304,
    'TERMOCENTRO': 304, 'TERMODORADA1': 304, 'TERMODORAGAS': 304,
    'TERMOEMCALI': 304, 'TERMOEMCGAS': 304, 'TERMONORTE': 304, 'TERMOSIERRA':
    304, 'TERMOVAGAS': 304, 'TERMOVALLE': 304, 'TERMOYOPALG3': 304,
    'TERMOYOPALG4': 304, 'TERMOYOPALG5': 304, 'TRONERAS': 304, 'TSIERRAGAS':
    304, 'URRA': 918, 'ZIPAEMG2': 304, 'ZIPAEMG3': 304, 'ZIPAEMG4': 304,
    'ZIPAEMG5': 304, 'PAJARITO': 0.38, 'TUNJITA': 0.35} failed:
        RuntimeError: Failed to set value for param=gen_scheduled_outage_rate,
        index=ALTOANCHICAY, value=1.946.
    	source error message=Invalid parameter value:
    	gen_scheduled_outage_rate[ALTOANCHICAY] = '1.946', value type=<class
    	'float'>. Value not in parameter domain PercentFraction
