logging output to logs\2024-06-14_00-48-35.log

================================================================================
Switch 2.0.7, https://switch-model.org
================================================================================
Arguments:
    log_run_to_file=True, logs_dir='logs', log_level='debug',
    inputs_dir='inputs', suffixes=['dual'], solver='cplex',
    solver_manager='serial', solver_options_string='lpmethod=4 solutiontype=2',
    tee=True, outputs_dir='outputs', no_save_solution=True, verbose=True

Modules:
    switch_model, switch_model.timescales, switch_model.financials,
    switch_model.balancing.load_zones, switch_model.energy_sources.properties,
    switch_model.generators.core.build, switch_model.generators.core.dispatch,
    switch_model.reporting, switch_model.balancing.diagnose_infeasibility,
    switch_model.generators.core.no_commit,
    switch_model.generators.extensions.hydro_simple,
    switch_model.generators.extensions.storage,
    switch_model.energy_sources.fuel_costs.simple,
    switch_model.policies.carbon_policies, switch_model.solve
================================================================================

relaxed constraint Max_Build_Potential
relaxed constraint Enforce_Min_Build_Lower
relaxed constraint Enforce_Min_Build_Upper
relaxed constraint Enforce_Dispatch_Baseload_Flat
relaxed constraint Enforce_Dispatch_Upper_Limit
relaxed constraint GenFuelUseRate_Calculate
relaxed constraint Enforce_Hydro_Min_Flow
relaxed constraint Enforce_Hydro_Avg_Flow
relaxed constraint Enforce_Fixed_Energy_Storage_Ratio
relaxed constraint Charge_Storage_Upper_Limit
relaxed constraint Track_State_Of_Charge
relaxed constraint State_Of_Charge_Upper_Limit
relaxed constraint Battery_Cycle_Limit
relaxed constraint Enforce_Fuel_Unavailability
relaxed constraint Enforce_Carbon_Cap
relaxed constraint Zone_Energy_Balance
Model defined in 0.29 s.

Loading inputs...
Data read in 1.00 s.

Constructing model instance from data and rules...
           0 seconds to construct Set PERIODS; 1 index total
Constructed 1 of 7457 components (0%)
           0 seconds to construct Param period_start; 1 index total
           0 seconds to construct Param period_end; 1 index total
           0 seconds to construct BuildCheck min_data_check_0; 1 index total
           0 seconds to construct Set TIMESERIES; 1 index total
           0 seconds to construct Param ts_period; 8 indices total
           0 seconds to construct Param ts_duration_of_tp; 8 indices total
           0 seconds to construct Param ts_num_tps; 8 indices total
           0 seconds to construct Param ts_scale_to_period; 8 indices total
           0 seconds to construct BuildCheck min_data_check_1; 1 index total
           0 seconds to construct Set TIMEPOINTS; 1 index total
           0 seconds to construct Param tp_ts; 192 indices total
           0 seconds to construct BuildCheck min_data_check_2; 1 index total
           0 seconds to construct Param tp_timestamp; 192 indices total
           0 seconds to construct Param tp_duration_hrs; 192 indices total
           0 seconds to construct Param tp_weight; 192 indices total
           0 seconds to construct Set TPS_IN_TS; 8 indices total
           0 seconds to construct Param tp_period; 192 indices total
           0 seconds to construct Set TS_IN_PERIOD; 1 index total
           0 seconds to construct Set TPS_IN_PERIOD; 1 index total
           0 seconds to construct Param add_one_to_period_end; 1 index total
           0 seconds to construct Param period_length_years; 1 index total
           0 seconds to construct Param period_length_hours; 1 index total
           0 seconds to construct Set CURRENT_AND_PRIOR_PERIODS_FOR_PERIOD; 1 index total
           0 seconds to construct Param ts_scale_to_year; 8 indices total
           0 seconds to construct Param ts_duration_hrs; 8 indices total
           0 seconds to construct Param tp_weight_in_year; 192 indices total
           0 seconds to construct Param tp_previous; 192 indices total
           0 seconds to construct BuildCheck validate_time_weights; 1 index total
           0 seconds to construct BuildCheck validate_period_lengths; 1 index total
           0 seconds to construct Param base_financial_year; 1 index total
           0 seconds to construct Param interest_rate; 1 index total
           0 seconds to construct Param discount_rate; 1 index total
           0 seconds to construct BuildCheck min_data_check_3; 1 index total
           0 seconds to construct Param bring_annual_costs_to_base_year; 1 index total
           0 seconds to construct Param bring_timepoint_costs_to_base_year; 192 indices total
           0 seconds to construct Set LOAD_ZONES; 1 index total
           0 seconds to construct Set SetProduct_OrderedSet; 1 index total
           0 seconds to construct Set SetProduct_OrderedSet; 1 index total
        0.01 seconds to construct Set ZONE_TIMEPOINTS; 1 index total
        0.01 seconds to construct Param zone_demand_mw; 960 indices total
           0 seconds to construct Param zone_ccs_distance_km; 5 indices total
           0 seconds to construct Param zone_dbid; 5 indices total
           0 seconds to construct BuildCheck min_data_check_4; 1 index total
           0 seconds to construct Set EXTERNAL_COINCIDENT_PEAK_DEMAND_ZONE_PERIODS_domain; 1 index total
           0 seconds to construct Set EXTERNAL_COINCIDENT_PEAK_DEMAND_ZONE_PERIODS_domain; 1 index total
           0 seconds to construct Set EXTERNAL_COINCIDENT_PEAK_DEMAND_ZONE_PERIODS; 1 index total
           0 seconds to construct Param zone_expected_coincident_peak_demand; 0 index total
           0 seconds to construct Set zone_total_demand_in_period_mwh_index; 1 index total
           0 seconds to construct Set zone_total_demand_in_period_mwh_index; 1 index total
           0 seconds to construct Param zone_total_demand_in_period_mwh; 5 indices total
           0 seconds to construct Set NON_FUEL_ENERGY_SOURCES; 1 index total
           0 seconds to construct Set FUELS; 1 index total
           0 seconds to construct Param f_co2_intensity; 14 indices total
           0 seconds to construct Param f_upstream_co2_intensity; 14 indices total
           0 seconds to construct BuildCheck min_data_check_5; 1 index total
           0 seconds to construct Set SetIntersection_OrderedSet; 1 index total
           0 seconds to construct Set SetIntersection_OrderedSet; 1 index total
           0 seconds to construct BuildCheck e_source_is_fuel_or_not_check; 1 index total
           0 seconds to construct Set SetUnion_OrderedSet; 1 index total
           0 seconds to construct Set SetUnion_OrderedSet; 1 index total
           0 seconds to construct Set ENERGY_SOURCES; 1 index total
           0 seconds to construct BuildCheck min_data_check_6; 1 index total
        0.01 seconds to construct Set GENERATION_PROJECTS; 1 index total
           0 seconds to construct Param gen_dbid; 613 indices total
           0 seconds to construct Param gen_tech; 613 indices total
           0 seconds to construct Set GENERATION_TECHNOLOGIES; 1 index total
           0 seconds to construct Param gen_energy_source; 613 indices total
           0 seconds to construct Param gen_load_zone; 613 indices total
        0.01 seconds to construct Param gen_max_age; 613 indices total
           0 seconds to construct Param gen_is_variable; 613 indices total
           0 seconds to construct Param gen_is_baseload; 613 indices total
           0 seconds to construct Param gen_is_cogen; 613 indices total
           0 seconds to construct Param gen_is_distributed; 613 indices total
           0 seconds to construct Param gen_scheduled_outage_rate; 613 indices total
           0 seconds to construct Param gen_forced_outage_rate; 613 indices total
           0 seconds to construct BuildCheck min_data_check_7; 1 index total
           0 seconds to construct Set GENS_IN_ZONE; 5 indices total
           0 seconds to construct Set VARIABLE_GENS; 1 index total
           0 seconds to construct Set VARIABLE_GENS_IN_ZONE; 5 indices total
        0.01 seconds to construct Set BASELOAD_GENS; 1 index total
        0.01 seconds to construct Set GENS_BY_TECHNOLOGY; 5 indices total
           0 seconds to construct Set CAPACITY_LIMITED_GENS; 1 index total
           0 seconds to construct Param gen_capacity_limit_mw; 1 index total
           0 seconds to construct Set DISCRETELY_SIZED_GENS; 1 index total
           0 seconds to construct Param gen_unit_size; 50 indices total
           0 seconds to construct Set CCS_EQUIPPED_GENS; 1 index total
           0 seconds to construct Param gen_ccs_capture_efficiency; 0 index total
           0 seconds to construct Param gen_ccs_energy_load; 0 index total
        0.01 seconds to construct Param gen_uses_fuel; 613 indices total
           0 seconds to construct Set NON_FUEL_BASED_GENS; 1 index total
           0 seconds to construct Set FUEL_BASED_GENS; 1 index total
           0 seconds to construct Param gen_full_load_heat_rate; 97 indices total
           0 seconds to construct Set MULTIFUEL_GENS; 1 index total
           0 seconds to construct Set MULTI_FUEL_GEN_FUELS; 1 index total
           0 seconds to construct Set FUELS_FOR_MULTIFUEL_GEN; 0 index total
           0 seconds to construct Set FUELS_FOR_GEN; 97 indices total
           0 seconds to construct Set GENS_BY_ENERGY_SOURCE; 21 indices total
        0.01 seconds to construct Set GENS_BY_NON_FUEL_ENERGY_SOURCE; 7 indices total
           0 seconds to construct Set GENS_BY_FUEL; 14 indices total
           0 seconds to construct Set PREDETERMINED_GEN_BLD_YRS; 1 index total
        0.01 seconds to construct Set GEN_BLD_YRS; 1 index total
           0 seconds to construct Set SetDifference_OrderedSet; 1 index total
           0 seconds to construct Set SetDifference_OrderedSet; 1 index total
           0 seconds to construct Set NEW_GEN_BLD_YRS; 1 index total
           0 seconds to construct Param build_gen_predetermined; 613 indices total
           0 seconds to construct BuildCheck min_data_check_8; 1 index total
        0.01 seconds to construct Set PERIODS_FOR_GEN_BLD_YR; 613 indices total
           0 seconds to construct Set BLD_YRS_FOR_GEN_PERIOD_index; 1 index total
           0 seconds to construct Set BLD_YRS_FOR_GEN_PERIOD_index; 1 index total
        0.05 seconds to construct Set BLD_YRS_FOR_GEN_PERIOD; 613 indices total
        0.01 seconds to construct Set PERIODS_FOR_GEN; 613 indices total
        0.01 seconds to construct Var BuildGen; 613 indices total
           0 seconds to construct BuildAction BuildGen_assign_default_value; 613 indices total
        0.01 seconds to construct Set GEN_PERIODS; 1 index total
           0 seconds to construct Set GenCapacity_index; 1 index total
           0 seconds to construct Set GenCapacity_index; 1 index total
        0.01 seconds to construct Expression GenCapacity; 613 indices total
           0 seconds to construct Set Max_Build_Potential_index; 1 index total
           0 seconds to construct Set Max_Build_Potential_index; 1 index total
           0 seconds to construct Var Relax_Max_Build_Potential_up; 1 index total
           0 seconds to construct Var Relax_Max_Build_Potential_down; 1 index total
           0 seconds to construct Constraint Max_Build_Potential; 1 index total
           0 seconds to construct Param gen_min_build_capacity; 613 indices total
           0 seconds to construct Set NEW_GEN_WITH_MIN_BUILD_YEARS; 1 index total
           0 seconds to construct Var BuildMinGenCap; 0 index total
           0 seconds to construct Var Relax_Enforce_Min_Build_Lower_up; 0 index total
           0 seconds to construct Var Relax_Enforce_Min_Build_Lower_down; 0 index total
           0 seconds to construct Constraint Enforce_Min_Build_Lower; 0 index total
           0 seconds to construct Var Relax_Enforce_Min_Build_Upper_up; 0 index total
           0 seconds to construct Var Relax_Enforce_Min_Build_Upper_down; 0 index total
           0 seconds to construct Constraint Enforce_Min_Build_Upper; 0 index total
        0.01 seconds to construct Param gen_variable_om; 613 indices total
           0 seconds to construct Param gen_connect_cost_per_mw; 613 indices total
           0 seconds to construct BuildCheck min_data_check_9; 1 index total
           0 seconds to construct Param gen_overnight_cost; 613 indices total
        0.01 seconds to construct Param gen_fixed_om; 613 indices total
           0 seconds to construct BuildCheck min_data_check_10; 1 index total
        0.02 seconds to construct Param gen_capital_cost_annual; 613 indices total
           0 seconds to construct Set GenCapitalCosts_index; 1 index total
           0 seconds to construct Set GenCapitalCosts_index; 1 index total
        0.01 seconds to construct Expression GenCapitalCosts; 613 indices total
           0 seconds to construct Set GenFixedOMCosts_index; 1 index total
           0 seconds to construct Set GenFixedOMCosts_index; 1 index total
        0.01 seconds to construct Expression GenFixedOMCosts; 613 indices total
           0 seconds to construct Expression TotalGenFixedCosts; 1 index total
           0 seconds to construct Set GENS_IN_PERIOD; 1 index total
        0.36 seconds to construct Set TPS_FOR_GEN; 613 indices total
           0 seconds to construct Set TPS_FOR_GEN_IN_PERIOD_index; 1 index total
           0 seconds to construct Set TPS_FOR_GEN_IN_PERIOD_index; 1 index total
        0.59 seconds to construct Set TPS_FOR_GEN_IN_PERIOD; 613 indices total
        0.64 seconds to construct Set GEN_TPS; 1 index total
        0.32 seconds to construct Set VARIABLE_GEN_TPS; 1 index total
        0.15 seconds to construct Set FUEL_BASED_GEN_TPS; 1 index total
        0.13 seconds to construct Set GEN_TP_FUELS; 1 index total
        0.78 seconds to construct Expression GenCapacityInTP; 93504 indices total
        0.15 seconds to construct Var DispatchGen; 93504 indices total
           0 seconds to construct Set ZoneTotalCentralDispatch_index; 1 index total
           0 seconds to construct Set ZoneTotalCentralDispatch_index; 1 index total
        1.95 seconds to construct Expression ZoneTotalCentralDispatch; 960 indices total
           0 seconds to construct Set ZoneTotalDistributedDispatch_index; 1 index total
           0 seconds to construct Set ZoneTotalDistributedDispatch_index; 1 index total
        1.37 seconds to construct Expression ZoneTotalDistributedDispatch; 960 indices total
        0.01 seconds to construct Param gen_availability; 613 indices total
           0 seconds to construct Set VARIABLE_GEN_TPS_RAW_domain; 1 index total
           0 seconds to construct Set VARIABLE_GEN_TPS_RAW_domain; 1 index total
        0.88 seconds to construct Set VARIABLE_GEN_TPS_RAW; 1 index total
        0.23 seconds to construct Param gen_max_capacity_factor; 37056 indices total
        0.13 seconds to construct BuildCheck have_minimal_gen_max_capacity_factors; 37056 indices total
           0 seconds to construct Set SetDifference_OrderedSet; 1 index total
           0 seconds to construct Set SetDifference_OrderedSet; 1 index total
        0.09 seconds to construct BuildAction notify_on_extra_VARIABLE_GEN_TPS; 1 index total
        0.05 seconds to construct Var GenFuelUseRate; 18624 indices total
        0.38 seconds to construct Expression DispatchEmissions; 18624 indices total
        0.10 seconds to construct Expression AnnualEmissions; 1 index total
        0.55 seconds to construct Expression GenVariableOMCostsInTP; 192 indices total
           0 seconds to construct Set BASELOAD_GEN_PERIODS; 1 index total
        0.49 seconds to construct Set BASELOAD_GEN_TPS; 1 index total
           0 seconds to construct Var DispatchBaseloadByPeriod; 209 indices total
        1.83 seconds to construct Expression DispatchUpperLimit; 93504 indices total
        0.06 seconds to construct Var Relax_Enforce_Dispatch_Baseload_Flat_up; 40128 indices total
        0.05 seconds to construct Var Relax_Enforce_Dispatch_Baseload_Flat_down; 40128 indices total
        2.16 seconds to construct Constraint Enforce_Dispatch_Baseload_Flat; 40128 indices total
        0.19 seconds to construct Var Relax_Enforce_Dispatch_Upper_Limit_up; 93504 indices total
        0.24 seconds to construct Var Relax_Enforce_Dispatch_Upper_Limit_down; 93504 indices total
        6.05 seconds to construct Constraint Enforce_Dispatch_Upper_Limit; 93504 indices total
        0.03 seconds to construct Var Relax_GenFuelUseRate_Calculate_up; 18624 indices total
        0.04 seconds to construct Var Relax_GenFuelUseRate_Calculate_down; 18624 indices total
        1.23 seconds to construct Constraint GenFuelUseRate_Calculate; 18624 indices total
           0 seconds to construct Set HYDRO_GEN_TS_RAW; 1 index total
           0 seconds to construct Set HYDRO_GENS; 1 index total
           0 seconds to construct Set HYDRO_GEN_TS; 1 index total
        0.21 seconds to construct Set HYDRO_GEN_TPS; 1 index total
           0 seconds to construct BuildCheck have_minimal_hydro_params; 0 index total
           0 seconds to construct Set SetDifference_OrderedSet; 1 index total
           0 seconds to construct Set SetDifference_OrderedSet; 1 index total
           0 seconds to construct BuildCheck warn_on_extra_HYDRO_GEN_TS; 1 index total
           0 seconds to construct Param hydro_min_flow_mw; 0 index total
           0 seconds to construct Var Relax_Enforce_Hydro_Min_Flow_up; 0 index total
           0 seconds to construct Var Relax_Enforce_Hydro_Min_Flow_down; 0 index total
           0 seconds to construct Constraint Enforce_Hydro_Min_Flow; 0 index total
           0 seconds to construct Param hydro_avg_flow_mw; 0 index total
           0 seconds to construct Var SpillHydro; 0 index total
           0 seconds to construct Var Relax_Enforce_Hydro_Avg_Flow_up; 0 index total
           0 seconds to construct Var Relax_Enforce_Hydro_Avg_Flow_down; 0 index total
           0 seconds to construct Constraint Enforce_Hydro_Avg_Flow; 0 index total
           0 seconds to construct BuildCheck min_data_check_11; 1 index total
           0 seconds to construct Set STORAGE_GENS; 1 index total
           0 seconds to construct Set STORAGE_GEN_PERIODS; 1 index total
           0 seconds to construct Param gen_storage_efficiency; 0 index total
           0 seconds to construct Param gen_store_to_release_ratio; 0 index total
           0 seconds to construct Param gen_storage_energy_to_power_ratio; 0 index total
           0 seconds to construct Param gen_storage_max_cycles_per_year; 0 index total
           0 seconds to construct Set STORAGE_GEN_BLD_YRS; 1 index total
           0 seconds to construct Param gen_storage_energy_overnight_cost; 0 index total
           0 seconds to construct BuildCheck min_data_check_12; 1 index total
           0 seconds to construct Param build_gen_energy_predetermined; 613 indices total
           0 seconds to construct Var BuildStorageEnergy; 0 index total
           0 seconds to construct Set StorageEnergyCapitalCost_index; 1 index total
           0 seconds to construct Set StorageEnergyCapitalCost_index; 1 index total
           0 seconds to construct Expression StorageEnergyCapitalCost; 0 index total
           0 seconds to construct Expression StorageEnergyFixedCost; 1 index total
           0 seconds to construct Set StorageEnergyCapacity_index; 1 index total
           0 seconds to construct Set StorageEnergyCapacity_index; 1 index total
           0 seconds to construct Expression StorageEnergyCapacity; 0 index total
           0 seconds to construct Set STORAGE_GEN_TPS; 1 index total
           0 seconds to construct Var ChargeStorage; 0 index total
           0 seconds to construct Set StorageNetCharge_index; 1 index total
           0 seconds to construct Set StorageNetCharge_index; 1 index total
        0.01 seconds to construct Expression StorageNetCharge; 960 indices total
           0 seconds to construct Var Relax_Enforce_Fixed_Energy_Storage_Ratio_up; 0 index total
           0 seconds to construct Var Relax_Enforce_Fixed_Energy_Storage_Ratio_down; 0 index total
           0 seconds to construct Constraint Enforce_Fixed_Energy_Storage_Ratio; 0 index total
           0 seconds to construct Var Relax_Charge_Storage_Upper_Limit_up; 0 index total
           0 seconds to construct Var Relax_Charge_Storage_Upper_Limit_down; 0 index total
           0 seconds to construct Constraint Charge_Storage_Upper_Limit; 0 index total
           0 seconds to construct Var StateOfCharge; 0 index total
           0 seconds to construct Var Relax_Track_State_Of_Charge_up; 0 index total
           0 seconds to construct Var Relax_Track_State_Of_Charge_down; 0 index total
           0 seconds to construct Constraint Track_State_Of_Charge; 0 index total
           0 seconds to construct Var Relax_State_Of_Charge_Upper_Limit_up; 0 index total
           0 seconds to construct Var Relax_State_Of_Charge_Upper_Limit_down; 0 index total
           0 seconds to construct Constraint State_Of_Charge_Upper_Limit; 0 index total
           0 seconds to construct Var Relax_Battery_Cycle_Limit_up; 0 index total
           0 seconds to construct Var Relax_Battery_Cycle_Limit_down; 0 index total
           0 seconds to construct Constraint Battery_Cycle_Limit; 0 index total
           0 seconds to construct Set ZONE_FUEL_PERIODS; 1 index total
           0 seconds to construct Param fuel_cost; 45 indices total
           0 seconds to construct BuildCheck min_data_check_13; 1 index total
        0.15 seconds to construct Set GEN_TP_FUELS_UNAVAILABLE; 1 index total
        0.02 seconds to construct Var Relax_Enforce_Fuel_Unavailability_up; 9024 indices total
        0.01 seconds to construct Var Relax_Enforce_Fuel_Unavailability_down; 9024 indices total
        0.53 seconds to construct Constraint Enforce_Fuel_Unavailability; 9024 indices total
        0.17 seconds to construct Expression FuelCostsPerTP; 192 indices total
           0 seconds to construct Param carbon_cap_tco2_per_yr; 1 index total
           0 seconds to construct Var Relax_Enforce_Carbon_Cap_up; 1 index total
           0 seconds to construct Var Relax_Enforce_Carbon_Cap_down; 1 index total
           0 seconds to construct Constraint Enforce_Carbon_Cap; 1 index total
           0 seconds to construct Param carbon_cost_dollar_per_tco2; 1 index total
           0 seconds to construct Expression EmissionsCosts; 1 index total
           0 seconds to construct Expression SystemCostPerPeriod; 1 index total
           0 seconds to construct Expression SystemCost; 1 index total
           0 seconds to construct Objective Minimize_System_Cost; 1 index total
           0 seconds to construct Var Relax_Zone_Energy_Balance_up; 960 indices total
           0 seconds to construct Var Relax_Zone_Energy_Balance_down; 960 indices total
        0.12 seconds to construct Constraint Zone_Energy_Balance; 960 indices total
Model instance constructed in 23.40 s.

Executing pre-solve functions...
        1.86 seconds to construct Objective Total_Constraint_Relaxations; 1 index total
Completed pre-solve processing in 26.27 s.

Solving model...
--------------------------------- solver output --------------------------------

Welcome to IBM(R) ILOG(R) CPLEX(R) Interactive Optimizer 22.1.1.0
  with Simplex, Mixed Integer & Barrier Optimizers
5725-A06 5725-A29 5724-Y48 5724-Y49 5724-Y54 5724-Y55 5655-Y21
Copyright IBM Corp. 1988, 2022.  All Rights Reserved.

Type 'help' for a list of available commands.
Type 'help' followed by a command name for more
information on commands.

CPLEX> Logfile 'cplex.log' closed.
Logfile 'C:\Users\juanj\AppData\Local\Temp\tmpfapd4jqq.cplex.log' open.
CPLEX> New value for method for linear optimization: 4
CPLEX> New value for solution information CPLEX will attempt to compute: 2
CPLEX> Problem 'C:\Users\juanj\AppData\Local\Temp\tmpmxk_mr9f.pyomo.lp' read.
Read time = 0.70 sec. (28.07 ticks)
CPLEX> Problem name         : C:\Users\juanj\AppData\Local\Temp\tmpmxk_mr9f.pyomo.lp
Objective sense      : Minimize
Variables            :  437309  [Nneg: 436613,  Fix: 487,  Free: 209]
Objective nonzeros   :  324484
Linear constraints   :  162243  [Less: 93506,  Equal: 68737]
  Nonzeros           :  734988
  RHS nonzeros       :     963

Variables            : Min LB: 0.000000         Max UB: 1250.000       
Objective nonzeros   : Min   : 1.000000         Max   : 1.000000       
Linear constraints   :
  Nonzeros           : Min   : 1.272035e-06     Max   : 15.71480       
  RHS nonzeros       : Min   : 1.000000         Max   : 1.000000e+12   
CPLEX> Version identifier: 22.1.1.0 | 2022-11-27 | 9160aff4d
CPXPARAM_LPMethod                                4
CPXPARAM_SolutionType                            2
Tried aggregator 1 time.
LP Presolve eliminated 38508 rows and 192981 columns.
Aggregator did 18624 substitutions.
Reduced LP has 105111 rows, 225704 columns, and 379373 nonzeros.
Presolve time = 0.72 sec. (362.86 ticks)
Symmetry aggregator did 136146 additional substitutions.
Tried aggregator 0 times.
No LP presolve or aggregator reductions.
Presolve time = 0.09 sec. (32.98 ticks)
Parallel mode: using up to 4 threads for barrier.

***NOTE: Found 91 dense columns.

Number of nonzeros in lower triangle of A*A' = 83216
Using Approximate Minimum Degree ordering
Total time for automatic ordering = 0.03 sec. (5.28 ticks)
Summary statistics for Cholesky factor:
  Threads                   = 4
  Rows in Factor            = 62916
  Integer space required    = 153876
  Total non-zeros in factor = 244834
  Total FP ops to factor    = 2219070
 Itn      Primal Obj        Dual Obj  Prim Inf Upper Inf  Dual Inf Inf Ratio
   0   1.1125000e+14   0.0000000e+00  4.79e+13  0.00e+00  1.76e+08  1.00e+00
   1   1.2139099e+12   2.4923762e+11  4.16e+11  0.00e+00  1.02e+06  6.66e-10
   2   3.7281968e+11   1.1194238e+11  1.22e+11  0.00e+00  3.92e+05  9.70e-10
   3   1.2226628e+11   7.5851257e+10  3.30e+10  0.00e+00  2.21e+05  2.07e-09
   4   9.6419794e+10   5.4752339e+10  2.96e+10  0.00e+00  1.98e+05  2.49e-09
   5   4.9431689e+10  -6.9394753e+08  1.65e+10  0.00e+00  2.79e+04  3.47e-08
   6   2.1013904e+10  -1.8908237e+08  7.04e+09  0.00e+00  2.89e+03  7.61e-07
   7   1.4468138e+10   1.8813966e+08  4.81e+09  0.00e+00  7.51e+02  1.53e-05
   8   6.7046065e+09   5.3412429e+08  2.09e+09  0.00e+00  2.65e+02  3.57e-05
   9   3.7986871e+09   9.6652901e+08  9.76e+08  0.00e+00  1.07e+02  8.01e-05
  10   2.3588208e+09   1.3090666e+09  3.49e+08  0.00e+00  4.50e+01  1.73e-04
  11   1.7574757e+09   1.5792202e+09  4.90e+07  0.00e+00  1.03e+01  7.69e-04
  12   1.6746076e+09   1.6628893e+09  3.09e+06  0.00e+00  7.04e-01  1.14e-02
  13   1.6692422e+09   1.6686555e+09  1.55e+05  0.00e+00  3.52e-02  2.28e-01
  14   1.6689735e+09   1.6689441e+09  7.75e+03  0.00e+00  1.76e-03  4.55e+00
  15   1.6689600e+09   1.6689585e+09  3.88e+02  0.00e+00  8.84e-05  9.09e+01
  16   1.6689593e+09   1.6689593e+09  1.94e+01  0.00e+00  4.43e-06  1.81e+03
  17   1.6689593e+09   1.6689593e+09  9.73e-01  0.00e+00  2.22e-07  3.62e+04
Barrier time = 1.97 sec. (935.38 ticks)

Total time on 4 threads = 2.73 sec. (1313.45 ticks)
Barrier time = 2.78 sec. (1339.56 ticks)

Total time on 4 threads = 2.78 sec. (1339.56 ticks)

Barrier - Optimal:  Objective =  1.6689592987e+09
Solution time =    2.78 sec.  Iterations = 17
Deterministic time = 1339.56 ticks  (481.68 ticks/sec)

CPLEX> Solution written to file 'C:\Users\juanj\AppData\Local\Temp\tmp85z3hxc2.cplex.sol'.
CPLEX> ---------------------------- end of solver output ----------------------------

Solved model. Total time spent in solver: 36.54 s.

Optimization termination condition was optimal.

Executing post-solve functions...
