logging output to logs\2024-06-22_12-16-24.log

================================================================================
Switch 2.0.7, https://switch-model.org
================================================================================
Arguments:
    log_run_to_file=True, logs_dir='logs', log_level='debug',
    inputs_dir='inputs', suffixes=['dual'], solver='cplex',
    solver_manager='serial', solver_options_string='lpmethod=4 solutiontype=2',
    tee=True, outputs_dir='outputs', no_save_solution=True, verbose=True

Modules:
    switch_model, switch_model.timescales, switch_model.financials,
    switch_model.balancing.load_zones, switch_model.energy_sources.properties,
    switch_model.generators.core.build, switch_model.generators.core.dispatch,
    switch_model.reporting, switch_model.balancing.diagnose_infeasibility,
    switch_model.generators.core.no_commit,
    switch_model.generators.extensions.hydro_simple,
    switch_model.generators.extensions.storage,
    switch_model.energy_sources.fuel_costs.simple,
    switch_model.policies.carbon_policies, switch_model.solve
================================================================================

relaxed constraint Max_Build_Potential
relaxed constraint Enforce_Min_Build_Lower
relaxed constraint Enforce_Min_Build_Upper
relaxed constraint Enforce_Dispatch_Baseload_Flat
relaxed constraint Enforce_Dispatch_Upper_Limit
relaxed constraint GenFuelUseRate_Calculate
relaxed constraint Enforce_Hydro_Min_Flow
relaxed constraint Enforce_Hydro_Avg_Flow
relaxed constraint Enforce_Fixed_Energy_Storage_Ratio
relaxed constraint Charge_Storage_Upper_Limit
relaxed constraint Track_State_Of_Charge
relaxed constraint State_Of_Charge_Upper_Limit
relaxed constraint Battery_Cycle_Limit
relaxed constraint Enforce_Fuel_Unavailability
relaxed constraint Enforce_Carbon_Cap
relaxed constraint Zone_Energy_Balance
Model defined in 0.28 s.

Loading inputs...
Data read in 0.85 s.

Constructing model instance from data and rules...
           0 seconds to construct Set PERIODS; 1 index total
Constructed 1 of 7457 components (0%)
           0 seconds to construct Param period_start; 1 index total
           0 seconds to construct Param period_end; 1 index total
           0 seconds to construct BuildCheck min_data_check_0; 1 index total
           0 seconds to construct Set TIMESERIES; 1 index total
           0 seconds to construct Param ts_period; 8 indices total
           0 seconds to construct Param ts_duration_of_tp; 8 indices total
           0 seconds to construct Param ts_num_tps; 8 indices total
           0 seconds to construct Param ts_scale_to_period; 8 indices total
           0 seconds to construct BuildCheck min_data_check_1; 1 index total
           0 seconds to construct Set TIMEPOINTS; 1 index total
           0 seconds to construct Param tp_ts; 192 indices total
           0 seconds to construct BuildCheck min_data_check_2; 1 index total
           0 seconds to construct Param tp_timestamp; 192 indices total
           0 seconds to construct Param tp_duration_hrs; 192 indices total
           0 seconds to construct Param tp_weight; 192 indices total
           0 seconds to construct Set TPS_IN_TS; 8 indices total
           0 seconds to construct Param tp_period; 192 indices total
           0 seconds to construct Set TS_IN_PERIOD; 1 index total
           0 seconds to construct Set TPS_IN_PERIOD; 1 index total
           0 seconds to construct Param add_one_to_period_end; 1 index total
           0 seconds to construct Param period_length_years; 1 index total
           0 seconds to construct Param period_length_hours; 1 index total
           0 seconds to construct Set CURRENT_AND_PRIOR_PERIODS_FOR_PERIOD; 1 index total
           0 seconds to construct Param ts_scale_to_year; 8 indices total
           0 seconds to construct Param ts_duration_hrs; 8 indices total
           0 seconds to construct Param tp_weight_in_year; 192 indices total
           0 seconds to construct Param tp_previous; 192 indices total
           0 seconds to construct BuildCheck validate_time_weights; 1 index total
           0 seconds to construct BuildCheck validate_period_lengths; 1 index total
           0 seconds to construct Param base_financial_year; 1 index total
           0 seconds to construct Param interest_rate; 1 index total
           0 seconds to construct Param discount_rate; 1 index total
           0 seconds to construct BuildCheck min_data_check_3; 1 index total
           0 seconds to construct Param bring_annual_costs_to_base_year; 1 index total
           0 seconds to construct Param bring_timepoint_costs_to_base_year; 192 indices total
           0 seconds to construct Set LOAD_ZONES; 1 index total
           0 seconds to construct Set SetProduct_OrderedSet; 1 index total
           0 seconds to construct Set SetProduct_OrderedSet; 1 index total
        0.01 seconds to construct Set ZONE_TIMEPOINTS; 1 index total
           0 seconds to construct Param zone_demand_mw; 960 indices total
ERROR: Constructing component 'zone_demand_mw' from data={(25,
    1016.727832307692): 1016.727832307692, (25, 2235.5944407692314):
    2235.5944407692314, (25, 895.7990323076923): 895.7990323076923, (25,
    2004.9276792307687): 2004.9276792307687, (25, 1686.742333846154):
    1686.742333846154, (26, 1677.0553884615385): 1677.0553884615385, (26,
    1993.4133961538455): 1993.4133961538455, (26, 2222.755440769231):
    2222.755440769231, (26, 1010.88877): 1010.88877, (26, 890.6544646153845):
    890.6544646153845, (27, 1915.3259715384613): 1915.3259715384613, (27,
    971.2895084615383): 971.2895084615383, (27, 2135.6840646153846):
    2135.6840646153846, (27, 855.7651084615386): 855.7651084615386, (27,
    1611.3605669230767): 1611.3605669230767, (28, 940.9000715384616):
    940.9000715384616, (28, 2068.8633753846157): 2068.8633753846157, (28,
    828.9901669230769): 828.9901669230769, (28, 1855.3997853846156):
    1855.3997853846156, (28, 1560.9447661538463): 1560.9447661538463, (29,
    919.3341746153848): 919.3341746153848, (29, 809.9893007692308):
    809.9893007692308, (29, 1812.8731007692304): 1812.8731007692304, (29,
    1525.1671369230771): 1525.1671369230771, (29, 2021.4439984615385):
    2021.4439984615385, (30, 800.8056023076924): 800.8056023076924, (30,
    1998.5247630769236): 1998.5247630769236, (30, 908.9107161538462):
    908.9107161538462, (30, 1507.874712307692): 1507.874712307692, (30,
    1792.3186507692312): 1792.3186507692312, (31, 895.3867792307691):
    895.3867792307691, (31, 1968.7881553846155): 1968.7881553846155, (31,
    788.89019): 788.89019, (31, 1765.6502423076922): 1765.6502423076922, (31,
    1485.438623846154): 1485.438623846154, (32, 876.2758007692308):
    876.2758007692308, (32, 1926.7666838461535): 1926.7666838461535, (32,
    772.0522569230769): 772.0522569230769, (32, 1727.964510769231):
    1727.964510769231, (32, 1453.7336815384617): 1453.7336815384617, (33,
    1802.4984938461544): 1802.4984938461544, (33, 1516.4389961538461):
    1516.4389961538461, (33, 914.0730623076923): 914.0730623076923, (33,
    2009.8757946153844): 2009.8757946153844, (33, 805.3539423076923):
    805.3539423076923, (34, 963.1161000000002): 963.1161000000002, (34,
    2117.712267692308): 2117.712267692308, (34, 848.5638407692308):
    848.5638407692308, (34, 1899.2084876923077): 1899.2084876923077, (34,
    1597.800956153846): 1597.800956153846, (35, 1672.9601638461538):
    1672.9601638461538, (35, 1008.4202661538461): 1008.4202661538461, (35,
    2217.3276607692305): 2217.3276607692305, (35, 888.4795630769231):
    888.4795630769231, (35, 1988.5456499999998): 1988.5456499999998, (36,
    1045.5338569230769): 1045.5338569230769, (36, 2298.9335053846153):
    2298.9335053846153, (36, 921.178893076923): 921.178893076923, (36,
    2061.7314723076925): 2061.7314723076925, (36, 1734.531270769231):
    1734.531270769231, (37, 1076.0393830769228): 1076.0393830769228, (37,
    2366.009459230769): 2366.009459230769, (37, 948.056116153846):
    948.056116153846, (37, 2121.886583846154): 2121.886583846154, (37,
    1785.1396692307694): 1785.1396692307694, (38, 959.8527861538462):
    959.8527861538462, (38, 1089.428550769231): 1089.428550769231, (38,
    2395.4497346153844): 2395.4497346153844, (38, 2148.2892369230767):
    2148.2892369230767, (38, 1807.3521769230772): 1807.3521769230772, (39,
    959.2446646153847): 959.2446646153847, (39, 2393.9320807692307):
    2393.9320807692307, (39, 1806.2071153846155): 1806.2071153846155, (39,
    2146.928173076923): 2146.928173076923, (39, 1088.738336153846):
    1088.738336153846, (40, 2362.373623076924): 2362.373623076924, (40,
    1074.3858400000001): 1074.3858400000001, (40, 946.5992438461539):
    946.5992438461539, (40, 2118.6258900000003): 2118.6258900000003, (40,
    1782.3964523076925): 1782.3964523076925, (41, 1063.2882292307693):
    1063.2882292307693, (41, 2337.9720530769227): 2337.9720530769227, (41,
    936.8215746153847): 936.8215746153847, (41, 1763.9856169230768):
    1763.9856169230768, (41, 2096.742053846154): 2096.742053846154, (42,
    2318.176523076923): 2318.176523076923, (42, 928.8895376923076):
    928.8895376923076, (42, 2078.9890100000002): 2078.9890100000002, (42,
    1749.0500107692308): 1749.0500107692308, (42, 1054.2854023076925):
    1054.2854023076925, (43, 1056.3205561538462): 1056.3205561538462, (43,
    2322.651442307692): 2322.651442307692, (43, 930.6826315384612):
    930.6826315384612, (43, 1752.42631): 1752.42631, (43, 2083.0022115384613):
    2083.0022115384613, (44, 2254.876363076923): 2254.876363076923, (44,
    1007.4757738461537): 1007.4757738461537, (44, 2514.2997015384612):
    2514.2997015384612, (44, 1143.480425384615): 1143.480425384615, (44,
    1897.02375): 1897.02375, (45, 1041.8235807692308): 1041.8235807692308,
    (45, 1182.46503): 1182.46503, (45, 2600.0195576923084):
    2600.0195576923084, (45, 2331.751718461538): 2331.751718461538, (45,
    1961.6988576923081): 1961.6988576923081, (46, 1167.7384392307695):
    1167.7384392307695, (46, 1028.8485584615385): 1028.8485584615385, (46,
    2302.7117453846154): 2302.7117453846154, (46, 1937.267577692308):
    1937.267577692308, (46, 2567.63854): 2567.63854, (47, 1129.9147023076926):
    1129.9147023076926, (47, 2484.4712130769235): 2484.4712130769235, (47,
    995.5235484615384): 995.5235484615384, (47, 2228.1255538461537):
    2228.1255538461537, (47, 1874.5183361538466): 1874.5183361538466, (48,
    2365.4963969230766): 2365.4963969230766, (48, 2121.42646): 2121.42646,
    (48, 947.850533846154): 947.850533846154, (48, 1075.8060476923074):
    1075.8060476923074, (48, 1784.7525661538464): 1784.7525661538464, (1,
    1085.6273854430378): 1085.6273854430378, (1, 2387.091682531645):
    2387.091682531645, (1, 956.5037293670888): 956.5037293670888, (1,
    2140.793562405062): 2140.793562405062, (1, 1801.046077848101):
    1801.046077848101, (2, 900.3942189873416): 900.3942189873416, (2,
    2015.212370379747): 2015.212370379747, (2, 1695.3948286075954):
    1695.3948286075954, (2, 1021.9433464556961): 1021.9433464556961, (2,
    2247.062384810127): 2247.062384810127, (3, 987.747757341772):
    987.747757341772, (3, 2171.8726769620257): 2171.8726769620257, (3,
    870.2658258227848): 870.2658258227848, (3, 1947.7806729113927):
    1947.7806729113927, (3, 1638.6646540506324): 1638.6646540506324, (4,
    848.8011974683545): 848.8011974683545, (4, 963.385501898734):
    963.385501898734, (4, 2118.304629873418): 2118.304629873418, (4,
    1899.73973278481): 1899.73973278481, (4, 1598.2478899999996):
    1598.2478899999996, (5, 1579.968291772152): 1579.968291772152, (5,
    2094.077001012658): 2094.077001012658, (5, 839.093226329114):
    839.093226329114, (5, 1878.011889367088): 1878.011889367088, (5,
    952.3669978481012): 952.3669978481012, (6, 972.423633291139):
    972.423633291139, (6, 2138.1777931645584): 2138.1777931645584, (6,
    856.7643417721517): 856.7643417721517, (6, 1917.5623989873425):
    1917.5623989873425, (6, 1613.2420693670892): 1613.2420693670892, (7,
    1020.5470212658228): 1020.5470212658228, (7, 2243.992126329115):
    2243.992126329115, (7, 899.1639713924046): 899.1639713924046, (7,
    1693.0783377215191): 1693.0783377215191, (7, 2012.4588982278487):
    2012.4588982278487, (8, 1041.0838413924055): 1041.0838413924055, (8,
    2289.148754556962): 2289.148754556962, (8, 917.2581588607595):
    917.2581588607595, (8, 2052.9563024050635): 2052.9563024050635, (8,
    1727.1487374683545): 1727.1487374683545, (9, 1102.5780305063292):
    1102.5780305063292, (9, 2424.3629817721517): 2424.3629817721517, (9,
    971.4382783544299): 971.4382783544299, (9, 1829.167044683544):
    1829.167044683544, (9, 2174.219240000001): 2174.219240000001, (10,
    1166.2786482278486): 1166.2786482278486, (10, 2564.428733924052):
    2564.428733924052, (10, 1027.5623953164556): 1027.5623953164556, (10,
    2299.8331248101267): 2299.8331248101267, (10, 1934.8457982278485):
    1934.8457982278485, (11, 2001.5908908860767): 2001.5908908860767, (11,
    1063.0095345569614): 1063.0095345569614, (11, 2379.16894392405):
    2379.16894392405, (11, 1206.5109899999995): 1206.5109899999995, (11,
    2652.8921320253166): 2652.8921320253166, (12, 2073.636012911392):
    2073.636012911392, (12, 1249.9380624050625): 1249.9380624050625, (12,
    2748.3801462025326): 2748.3801462025326, (12, 1101.2714253164563):
    1101.2714253164563, (12, 2464.804583924052): 2464.804583924052, (13,
    2127.991037215189): 2127.991037215189, (13, 2529.4130834177217):
    2529.4130834177217, (13, 1130.1384173417725): 1130.1384173417725, (13,
    2820.421847848101): 2820.421847848101, (13, 1282.7019672151896):
    1282.7019672151896, (14, 2798.5181840506325): 2798.5181840506325, (14,
    1272.7403817721517): 1272.7403817721517, (14, 2509.7694218987344):
    2509.7694218987344, (14, 2111.464857468354): 2111.464857468354, (14,
    1121.3616558227843): 1121.3616558227843, (15, 1127.1351856962024):
    1127.1351856962024, (15, 1279.2933122784816): 1279.2933122784816, (15,
    2812.9268535443052): 2812.9268535443052, (15, 2122.3361107594933):
    2122.3361107594933, (15, 2522.6914165822786): 2522.6914165822786, (16,
    2146.846559493672): 2146.846559493672, (16, 1140.1522518987344):
    1140.1522518987344, (16, 2551.825492658228): 2551.825492658228, (16,
    1294.0676241772153): 1294.0676241772153, (16, 2845.412803164556):
    2845.412803164556, (17, 1293.4891801265821): 1293.4891801265821, (17,
    2844.140912911392): 2844.140912911392, (17, 1139.642607721519):
    1139.642607721519, (17, 2550.684834810127): 2550.684834810127, (17,
    2145.8869260759493): 2145.8869260759493, (18, 2798.4986883544298):
    2798.4986883544298, (18, 2509.7519368354433): 2509.7519368354433, (18,
    2111.4501472151906): 2111.4501472151906, (18, 1272.7315149367087):
    1272.7315149367087, (18, 1121.3538432911391): 1121.3538432911391, (19,
    2056.7704437974685): 2056.7704437974685, (19, 1092.314419493671):
    1092.314419493671, (19, 2726.026658987341): 2726.026658987341, (19,
    1239.7719015189873): 1239.7719015189873, (19, 2444.757511139241):
    2444.757511139241, (20, 1301.0093984810123): 1301.0093984810123, (20,
    2860.6764677215187): 2860.6764677215187, (20, 1146.2683772151897):
    1146.2683772151897, (20, 2158.3629024050624): 2158.3629024050624, (20,
    2565.514266455697): 2565.514266455697, (21, 2918.84786443038):
    2918.84786443038, (21, 2617.6835865822786): 2617.6835865822786, (21,
    2202.2528645569614): 2202.2528645569614, (21, 1327.465215949367):
    1327.465215949367, (21, 1169.5775615189882): 1169.5775615189882, (22,
    1297.0382036708866): 1297.0382036708866, (22, 2851.9445531645574):
    2851.9445531645574, (22, 1142.7695131645573): 1142.7695131645573, (22,
    2557.6833026582262): 2557.6833026582262, (22, 2151.7747260759493):
    2151.7747260759493, (23, 1237.4183837974683): 1237.4183837974683, (23,
    2720.85171278481): 2720.85171278481, (23, 1090.2408278481014):
    1090.2408278481014, (23, 2440.1165108860764): 2440.1165108860764, (23,
    2052.8659791139244): 2052.8659791139244, (24, 2281.888488101266):
    2281.888488101266, (24, 1919.749005443038): 1919.749005443038, (24,
    1157.1786637974683): 1157.1786637974683, (24, 2544.419568607595):
    2544.419568607595, (24, 1019.544756202532): 1019.544756202532, (121,
    2071.2072438461537): 2071.2072438461537, (121, 925.4126546153844):
    925.4126546153844, (121, 1742.5032238461542): 1742.5032238461542, (121,
    1050.339157692308): 1050.339157692308, (121, 2309.499464615385):
    2309.499464615385, (122, 914.9051738461537): 914.9051738461537, (122,
    1038.4132138461541): 1038.4132138461541, (122, 2283.276545384615):
    2283.276545384615, (122, 2047.689984615385): 2047.689984615385, (122,
    1722.7181915384615): 1722.7181915384615, (123, 1000.4903838461536):
    1000.4903838461536, (123, 2199.8913307692305): 2199.8913307692305, (123,
    881.4928553846154): 881.4928553846154, (123, 1972.9083846153844):
    1972.9083846153844, (123, 1659.8045561538463): 1659.8045561538463, (124,
    1609.2265092307694): 1609.2265092307694, (124, 854.6317484615383):
    854.6317484615383, (124, 1912.789346923077): 1912.789346923077, (124,
    970.00315): 970.00315, (124, 2132.8556023076926): 2132.8556023076926,
    (125, 947.03092): 947.03092, (125, 2082.3439615384614):
    2082.3439615384614, (125, 834.3918161538461): 834.3918161538461, (125,
    1867.489456153846): 1867.489456153846, (125, 1571.1157853846157):
    1571.1157853846157, (126, 934.3659199999998): 934.3659199999998, (126,
    2054.4959984615384): 2054.4959984615384, (126, 823.2331838461539):
    823.2331838461539, (126, 1842.5148215384615): 1842.5148215384615, (126,
    1550.1046669230768): 1550.1046669230768, (127, 1812.5997007692308):
    1812.5997007692308, (127, 919.1955315384615): 919.1955315384615, (127,
    809.8671476923078): 809.8671476923078, (127, 1524.9371284615386):
    1524.9371284615386, (127, 2021.1391476923081): 2021.1391476923081, (128,
    790.723693076923): 790.723693076923, (128, 1973.363919230769):
    1973.363919230769, (128, 1769.7538846153845): 1769.7538846153845, (128,
    1488.89101): 1488.89101, (128, 897.4677969230769): 897.4677969230769,
    (129, 935.74206): 935.74206, (129, 2057.5218684615384):
    2057.5218684615384, (129, 824.4456446153846): 824.4456446153846, (129,
    1845.2284869230768): 1845.2284869230768, (129, 1552.3876684615386):
    1552.3876684615386, (130, 984.0781730769232): 984.0781730769232, (130,
    2163.803946153846): 2163.803946153846, (130, 1940.544466923077):
    1940.544466923077, (130, 1632.5768438461537): 1632.5768438461537, (130,
    867.0326992307694): 867.0326992307694, (131, 1701.4503576923075):
    1701.4503576923075, (131, 2255.0883338461535): 2255.0883338461535, (131,
    2022.4102092307687): 2022.4102092307687, (131, 1025.593472307692):
    1025.593472307692, (131, 903.6102046153844): 903.6102046153844, (132,
    2330.0320638461535): 2330.0320638461535, (132, 933.6400330769233):
    933.6400330769233, (132, 2089.621307692308): 2089.621307692308, (132,
    1757.994946153846): 1757.994946153846, (132, 1059.677195384615):
    1059.677195384615, (133, 2145.914698461538): 2145.914698461538, (133,
    958.7918469230768): 958.7918469230768, (133, 2392.8020053846153):
    2392.8020053846153, (133, 1088.2243876923076): 1088.2243876923076, (133,
    1805.3544823076923): 1805.3544823076923, (134, 2429.579858461538):
    2429.579858461538, (134, 973.5286700000001): 973.5286700000001, (134,
    1104.9506184615384): 1104.9506184615384, (134, 1833.1031453846156):
    1833.1031453846156, (134, 2178.897843076923): 2178.897843076923, (135,
    1834.8641684615384): 1834.8641684615384, (135, 2180.991062307692):
    2180.991062307692, (135, 1106.012119230769): 1106.012119230769, (135,
    974.4639192307692): 974.4639192307692, (135, 2431.9139015384617):
    2431.9139015384617, (136, 1092.4994076923076): 1092.4994076923076, (136,
    2402.2019746153846): 2402.2019746153846, (136, 2154.3447869230763):
    2154.3447869230763, (136, 962.5583984615383): 962.5583984615383, (136,
    1812.4467007692308): 1812.4467007692308, (137, 1792.5706107692308):
    1792.5706107692308, (137, 2130.719290769231): 2130.719290769231, (137,
    952.0025584615387): 952.0025584615387, (137, 2375.8583692307693):
    2375.8583692307693, (137, 1080.5185776923079): 1080.5185776923079, (138,
    2112.9276584615386): 2112.9276584615386, (138, 944.05328): 944.05328,
    (138, 1071.4961838461538): 1071.4961838461538, (138, 1777.602539230769):
    1777.602539230769, (138, 2356.0198084615386): 2356.0198084615386, (139,
    1072.6719207692308): 1072.6719207692308, (139, 1779.5530784615387):
    1779.5530784615387, (139, 2115.2461453846163): 2115.2461453846163, (139,
    945.0891776923077): 945.0891776923077, (139, 2358.6050384615387):
    2358.6050384615387, (140, 1014.3478823076924): 1014.3478823076924, (140,
    1909.9635676923076): 1909.9635676923076, (140, 2531.4500292307694):
    2531.4500292307694, (140, 1151.280236923077): 1151.280236923077, (140,
    2270.2571369230773): 2270.2571369230773, (141, 2644.969431538462):
    2644.969431538462, (141, 1202.9078184615382): 1202.9078184615382, (141,
    1995.6132615384615): 1995.6132615384615, (141, 2372.0637023076924):
    2372.0637023076924, (141, 1059.8349215384612): 1059.8349215384612, (142,
    1191.266853076923): 1191.266853076923, (142, 2619.3731230769226):
    2619.3731230769226, (142, 1049.5785230769231): 1049.5785230769231, (142,
    2349.1083984615384): 2349.1083984615384, (142, 1976.3010038461537):
    1976.3010038461537, (143, 2287.0743415384613): 2287.0743415384613, (143,
    1021.8617892307691): 1021.8617892307691, (143, 1924.1118553846156):
    1924.1118553846156, (143, 1159.808486153846): 1159.808486153846, (143,
    2550.2020561538466): 2550.2020561538466, (144, 2184.406651538462):
    2184.406651538462, (144, 975.99): 975.99, (144, 2435.722454615384):
    2435.722454615384, (144, 1107.7442138461536): 1107.7442138461536, (144,
    1837.7376984615385): 1837.7376984615385, (97, 991.5082584810124):
    991.5082584810124, (97, 2219.1387551898742): 2219.1387551898742, (97,
    1866.95775886076): 1866.95775886076, (97, 1125.357366329114):
    1125.357366329114, (97, 2474.450483924051): 2474.450483924051, (98,
    2331.797037974682): 2331.797037974682, (98, 934.3472560759492):
    934.3472560759492, (98, 2091.2041724050637): 2091.2041724050637, (98,
    1759.3266063291144): 1759.3266063291144, (98, 1060.4798894936712):
    1060.4798894936712, (99, 1698.0266682278484): 1698.0266682278484, (99,
    2018.34067721519): 2018.34067721519, (99, 2250.550604050633):
    2250.550604050633, (99, 1023.5297567088608): 1023.5297567088608, (99,
    901.7919435443036): 901.7919435443036, (100, 997.1835820253168):
    997.1835820253168, (100, 2192.620292025318): 2192.620292025318, (100,
    878.5793613924046): 878.5793613924046, (100, 1966.387566202531):
    1966.387566202531, (100, 1654.3186025316452): 1654.3186025316452, (101,
    2165.1057282278466): 2165.1057282278466, (101, 984.6702115189872):
    984.6702115189872, (101, 867.5543206329112): 867.5543206329112, (101,
    1941.7119318987332): 1941.7119318987332, (101, 1633.5590327848101):
    1633.5590327848101, (102, 881.4266837974681): 881.4266837974681, (102,
    2199.726192025317): 2199.726192025317, (102, 1659.6799607594935):
    1659.6799607594935, (102, 1972.7602856962023): 1972.7602856962023, (102,
    1000.4152803797466): 1000.4152803797466, (103, 1720.3486716455689):
    1720.3486716455689, (103, 2280.1360031645568): 2280.1360031645568, (103,
    913.6467645569619): 913.6467645569619, (103, 2044.873480126582):
    2044.873480126582, (103, 1036.9849241772154): 1036.9849241772154, (104,
    1060.5629379746838): 1060.5629379746838, (104, 2331.9796483544296):
    2331.9796483544296, (104, 934.4204277215188): 934.4204277215188, (104,
    2091.367940886076): 2091.367940886076, (104, 1759.4643844303798):
    1759.4643844303798, (105, 1870.7271703797464): 1870.7271703797464, (105,
    2223.619225189873): 2223.619225189873, (105, 2479.446431139242):
    2479.446431139242, (105, 1127.6294772151903): 1127.6294772151903, (105,
    993.5101263291144): 993.5101263291144, (106, 2625.0992360759483):
    2625.0992360759483, (106, 1051.8729665822789): 1051.8729665822789, (106,
    2354.243696329114): 2354.243696329114, (106, 1980.6213213924052):
    1980.6213213924052, (106, 1193.8710364556962): 1193.8710364556962, (107,
    1089.414503291139): 1089.414503291139, (107, 2051.310054303797):
    2051.310054303797, (107, 2718.7895025316466): 2718.7895025316466, (107,
    1236.4805097468352): 1236.4805097468352, (107, 2438.26707835443):
    2438.26707835443, (108, 2819.544955189875): 2819.544955189875, (108,
    1129.787047721519): 1129.787047721519, (108, 2528.6266673417717):
    2528.6266673417717, (108, 2127.32942658228): 2127.32942658228, (108,
    1282.3031639240503): 1282.3031639240503, (109, 1316.4638425316457):
    1316.4638425316457, (109, 2894.657900506329): 2894.657900506329, (109,
    1159.884682151899): 1159.884682151899, (109, 2595.989522658227):
    2595.989522658227, (109, 2184.0016848101272): 2184.0016848101272, (110,
    1153.4040755696199): 1153.4040755696199, (110, 2878.484621012659):
    2878.484621012659, (110, 1309.1083835443042): 1309.1083835443042, (110,
    2171.799044556962): 2171.799044556962, (110, 2581.484988734177):
    2581.484988734177, (111, 1316.0472854430382): 1316.0472854430382, (111,
    2893.7419693670877): 2893.7419693670877, (111, 1159.5176703797467):
    1159.5176703797467, (111, 2595.1680955696193): 2595.1680955696193, (111,
    2183.310620632912): 2183.310620632912, (112, 1330.7364958227847):
    1330.7364958227847, (112, 2926.0407973417723): 2926.0407973417723, (112,
    1172.4597581012663): 1172.4597581012663, (112, 2624.1343583544312):
    2624.1343583544312, (112, 2207.6798887341774): 2207.6798887341774, (113,
    1169.6166663291142): 1169.6166663291142, (113, 2918.9454563291138):
    2918.9454563291138, (113, 2202.3264963291144): 2202.3264963291144, (113,
    1327.5096000000005): 1327.5096000000005, (113, 2617.77110886076):
    2617.77110886076, (114, 2875.3902148101265): 2875.3902148101265, (114,
    1152.1641521518984): 1152.1641521518984, (114, 1307.7010755696203):
    1307.7010755696203, (114, 2169.4643339240515): 2169.4643339240515, (114,
    2578.709860886077): 2578.709860886077, (115, 2794.6361926582285):
    2794.6361926582285, (115, 1119.8061479746837): 1119.8061479746837, (115,
    1270.9748882278482): 1270.9748882278482, (115, 2506.2879711392393):
    2506.2879711392393, (115, 2108.53591886076): 2108.53591886076, (116,
    2192.2947863291133): 2192.2947863291133, (116, 1321.4627250632911):
    1321.4627250632911, (116, 2905.649509113924): 2905.649509113924, (116,
    1164.2890015189873): 1164.2890015189873, (116, 2605.8470262025317):
    2605.8470262025317, (117, 1359.71804721519): 1359.71804721519, (117,
    2989.7658112658232): 2989.7658112658232, (117, 1197.9942663291135):
    1197.9942663291135, (117, 2681.2842789873416): 2681.2842789873416, (117,
    2255.760022658227): 2255.760022658227, (118, 2630.793734936709):
    2630.793734936709, (118, 1334.1135621518988): 1334.1135621518988, (118,
    2933.4663354430386): 2933.4663354430386, (118, 2213.282411012658):
    2213.282411012658, (118, 1175.435158354431): 1175.435158354431, (119,
    2119.411261898734): 2119.411261898734, (119, 2519.2148282278486):
    2519.2148282278486, (119, 2809.050284303798): 2809.050284303798, (119,
    1125.5818497468354): 1125.5818497468354, (119, 1277.5302848101262):
    1277.5302848101262, (120, 1989.7626881012668): 1989.7626881012668, (120,
    1199.3812329113925): 1199.3812329113925, (120, 2365.109480379748):
    2365.109480379748, (120, 1056.7277853164562): 1056.7277853164562, (120,
    2637.215128734178): 2637.215128734178, (73, 1093.366143076923):
    1093.366143076923, (73, 2404.107766153846): 2404.107766153846, (73,
    963.322046923077): 963.322046923077, (73, 2156.0539392307687):
    2156.0539392307687, (73, 1813.884607692308): 1813.884607692308, (74,
    1070.5377100000003): 1070.5377100000003, (74, 2353.9123076923083):
    2353.9123076923083, (74, 943.2088092307691): 943.2088092307691, (74,
    2111.037606923077): 2111.037606923077, (74, 1776.0124415384614):
    1776.0124415384614, (75, 1712.8095069230772): 1712.8095069230772, (75,
    909.6428476923076): 909.6428476923076, (75, 2035.9121361538464):
    2035.9121361538464, (75, 1032.440496923077): 1032.440496923077, (75,
    2270.1436569230773): 2270.1436569230773, (76, 1000.4975530769233):
    1000.4975530769233, (76, 2199.907096153846): 2199.907096153846, (76,
    881.4991723076923): 881.4991723076923, (76, 1972.9225253846153):
    1972.9225253846153, (76, 1659.8164523076925): 1659.8164523076925, (77,
    972.5470361538464): 972.5470361538464, (77, 2138.449131538462):
    2138.449131538462, (77, 856.8730669230769): 856.8730669230769, (77,
    1613.446793846154): 1613.446793846154, (77, 1917.805742307692):
    1917.805742307692, (78, 1593.6690492307696): 1593.6690492307696, (78,
    1894.297143076923): 1894.297143076923, (78, 846.3694546153846):
    846.3694546153846, (78, 960.6254853846153): 960.6254853846153, (78,
    2112.23587076923): 2112.23587076923, (79, 945.9871153846153):
    945.9871153846153, (79, 2080.048832307692): 2080.048832307692, (79,
    833.4721607692308): 833.4721607692308, (79, 1865.4311353846156):
    1865.4311353846156, (79, 1569.3841246153847): 1569.3841246153847, (80,
    2036.2804338461535): 2036.2804338461535, (80, 926.0816492307692):
    926.0816492307692, (80, 815.9342369230768): 815.9342369230768, (80,
    1826.178723076923): 1826.178723076923, (80, 1536.3611353846154):
    1536.3611353846154, (81, 963.80277): 963.80277, (81, 849.1688361538462):
    849.1688361538462, (81, 1900.562562307692): 1900.562562307692, (81,
    1598.9401369230768): 1598.9401369230768, (81, 2119.222127692308):
    2119.222127692308, (82, 893.5173899999999): 893.5173899999999, (82,
    2229.900274615384): 2229.900274615384, (82, 1014.1381746153844):
    1014.1381746153844, (82, 1682.446121538462): 1682.446121538462, (82,
    1999.82103): 1999.82103, (83, 1060.0352323076922): 1060.0352323076922,
    (83, 2330.819324615385): 2330.819324615385, (83, 933.9554869230768):
    933.9554869230768, (83, 1758.5889269230765): 1758.5889269230765, (83,
    2090.327338461538): 2090.327338461538, (84, 2421.621458461539):
    2421.621458461539, (84, 1827.0985815384615): 1827.0985815384615, (84,
    970.339753076923): 970.339753076923, (84, 2171.7605846153847):
    2171.7605846153847, (84, 1101.3312107692307): 1101.3312107692307, (85,
    1135.102207692308): 1135.102207692308, (85, 2495.877565384615):
    2495.877565384615, (85, 1000.094053846154): 1000.094053846154, (85,
    2238.3550069230773): 2238.3550069230773, (85, 1883.1243592307692):
    1883.1243592307692, (86, 2531.587253076923): 2531.587253076923, (86,
    1910.0671015384607): 1910.0671015384607, (86, 2270.380202307692):
    2270.380202307692, (86, 1151.342643846154): 1151.342643846154, (86,
    1014.40287): 1014.40287, (87, 1014.3612307692307): 1014.3612307692307,
    (87, 1151.2953884615379): 1151.2953884615379, (87, 1909.9887038461536):
    1909.9887038461536, (87, 2270.2870115384612): 2270.2870115384612, (87,
    2531.4833438461537): 2531.4833438461537, (88, 2244.5861061538462):
    2244.5861061538462, (88, 1888.3665715384616): 1888.3665715384616, (88,
    1002.8780999999997): 1002.8780999999997, (88, 1138.2620861538462):
    1138.2620861538462, (88, 2502.82555): 2502.82555, (89,
    1130.2452953846155): 1130.2452953846155, (89, 2485.1981299999998):
    2485.1981299999998, (89, 995.8148215384614): 995.8148215384614, (89,
    2228.777466923077): 2228.777466923077, (89, 1875.0667923076928):
    1875.0667923076928, (90, 1122.31392): 1122.31392, (90,
    2467.7585138461545): 2467.7585138461545, (90, 988.8267976923077):
    988.8267976923077, (90, 2213.137256923076): 2213.137256923076, (90,
    1861.9087076923079): 1861.9087076923079, (91, 2254.675142307692):
    2254.675142307692, (91, 1143.3783846153844): 1143.3783846153844, (91,
    1896.854463846154): 1896.854463846154, (91, 1007.3858692307696):
    1007.3858692307696, (91, 2514.075329230769): 2514.075329230769, (92,
    2055.9189515384614): 2055.9189515384614, (92, 1091.8622053846152):
    1091.8622053846152, (92, 2724.898094615385): 2724.898094615385, (92,
    1239.2586399999998): 1239.2586399999998, (92, 2443.7453915384617):
    2443.7453915384617, (93, 1257.2887561538462): 1257.2887561538462, (93,
    2479.2997238461544): 2479.2997238461544, (93, 1107.747836153846):
    1107.747836153846, (93, 2085.8307515384613): 2085.8307515384613, (93,
    2764.5429507692306): 2764.5429507692306, (94, 2730.9082276923077):
    2730.9082276923077, (94, 1094.270456923077): 1094.270456923077, (94,
    2449.135403846153): 2449.135403846153, (94, 2060.453557692308):
    2060.453557692308, (94, 1241.9919946153843): 1241.9919946153843, (95,
    1207.7176376923078): 1207.7176376923078, (95, 2655.5453276923076):
    2655.5453276923076, (95, 1064.072666153846): 1064.072666153846, (95,
    2381.5483846153847): 2381.5483846153847, (95, 2003.592710769231):
    2003.592710769231, (96, 2276.706629230769): 2276.706629230769, (96,
    1915.3895130769235): 1915.3895130769235, (96, 1154.5508676923077):
    1154.5508676923077, (96, 2538.641535384615): 2538.641535384615, (96,
    1017.2295076923076): 1017.2295076923076, (49, 2319.835119871795):
    2319.835119871795, (49, 1036.499260769231): 1036.499260769231, (49,
    1176.4219497435895): 1176.4219497435895, (49, 1951.6734439743584):
    1951.6734439743584, (49, 2586.731957435898): 2586.731957435898, (50,
    2439.661730384616): 2439.661730384616, (50, 1840.7098573076923):
    1840.7098573076923, (50, 1109.5357607692304): 1109.5357607692304, (50,
    977.5684617948714): 977.5684617948714, (50, 2187.939476025642):
    2187.939476025642, (51, 1777.7947662820507): 1777.7947662820507, (51,
    2113.156147692308): 2113.156147692308, (51, 944.1553696153849):
    944.1553696153849, (51, 2356.274585897436): 2356.274585897436, (51,
    1071.6120523076925): 1071.6120523076925, (52, 2298.5332638461537):
    2298.5332638461537, (52, 1045.3518292307692): 1045.3518292307692, (52,
    1734.2292910256408): 1734.2292910256408, (52, 2061.3725258974364):
    2061.3725258974364, (52, 921.018516282051): 921.018516282051, (53,
    1712.8924092307695): 1712.8924092307695, (53, 2036.010675384615):
    2036.010675384615, (53, 909.6868743589744): 909.6868743589744, (53,
    2270.25353448718): 2270.25353448718, (53, 1032.4904680769225):
    1032.4904680769225, (54, 2307.243982435897): 2307.243982435897, (54,
    924.5088874358973): 924.5088874358973, (54, 2069.184481410257):
    2069.184481410257, (54, 1740.8014766666668): 1740.8014766666668, (54,
    1049.3133842307698): 1049.3133842307698, (55, 1803.7392262820515):
    1803.7392262820515, (55, 2143.9947439743587): 2143.9947439743587, (55,
    957.9340129487181): 957.9340129487181, (55, 2390.6611601282048):
    2390.6611601282048, (55, 1087.2507507692303): 1087.2507507692303, (56,
    1845.3448858974357): 1845.3448858974357, (56, 2193.448851666667):
    2193.448851666667, (56, 980.0300434615384): 980.0300434615384, (56,
    2445.8049593589744): 2445.8049593589744, (56, 1112.3296455128204):
    1112.3296455128204, (57, 2329.091351666667): 2329.091351666667, (57,
    2597.053117307694): 2597.053117307694, (57, 1040.6349333333333):
    1040.6349333333333, (57, 1181.1159194871796): 1181.1159194871796, (57,
    1959.4606961538468): 1959.4606961538468, (58, 2070.762867564103):
    2070.762867564103, (58, 2461.389450769232): 2461.389450769232, (58,
    1099.7455475641025): 1099.7455475641025, (58, 2744.572101923077):
    2744.572101923077, (58, 1248.206198846154): 1248.206198846154, (59,
    2547.5531239743586): 2547.5531239743586, (59, 1138.2433635897441):
    1138.2433635897441, (59, 2143.2522230769214): 2143.2522230769214, (59,
    1291.9010442307692): 1291.9010442307692, (59, 2840.648898205128):
    2840.648898205128, (60, 1337.8720708974356): 1337.8720708974356, (60,
    2941.7305933333337): 2941.7305933333337, (60, 1178.7466332051279):
    1178.7466332051279, (60, 2638.205293461537): 2638.205293461537, (60,
    2219.5177438461546): 2219.5177438461546, (61, 2704.67858576923):
    2704.67858576923, (61, 1371.5816388461533): 1371.5816388461533, (61,
    3015.8516311538447): 3015.8516311538447, (61, 2275.4416135897427):
    2275.4416135897427, (61, 1208.4468117948713): 1208.4468117948713, (62,
    1365.8980279487175): 1365.8980279487175, (62, 3003.354434230769):
    3003.354434230769, (62, 1203.4392056410259): 1203.4392056410259, (62,
    2693.470838717948): 2693.470838717948, (62, 2266.012554358974):
    2266.012554358974, (63, 1373.8528882051287): 1373.8528882051287, (63,
    1210.4479203846154): 1210.4479203846154, (63, 2709.1573556410262):
    2709.1573556410262, (63, 2279.2095957692304): 2279.2095957692304, (63,
    3020.845683846154): 3020.845683846154, (64, 1388.9913162820517):
    1388.9913162820517, (64, 3054.1322575641034): 3054.1322575641034, (64,
    1223.7857961538461): 1223.7857961538461, (64, 2739.0094492307703):
    2739.0094492307703, (64, 2304.3241132051276): 2304.3241132051276, (65,
    1386.068592435898): 1386.068592435898, (65, 3047.7057341025647):
    3047.7057341025647, (65, 1221.210698333333): 1221.210698333333, (65,
    2733.246007820512): 2733.246007820512, (65, 2299.475339358974):
    2299.475339358974, (66, 2269.0497851282053): 2269.0497851282053, (66,
    3007.379956025642): 3007.379956025642, (66, 2697.0810105128203):
    2697.0810105128203, (66, 1367.728798589744): 1367.728798589744, (66,
    1205.0522250000001): 1205.0522250000001, (67, 2974.8537553846163):
    2974.8537553846163, (67, 1352.9361808974354): 1352.9361808974354, (67,
    1192.019030128205): 1192.019030128205, (67, 2667.910836282052):
    2667.910836282052, (67, 2244.5089675641034): 2244.5089675641034, (68,
    1419.6173444871795): 1419.6173444871795, (68, 3121.4731678205126):
    3121.4731678205126, (68, 1250.7691889743587): 1250.7691889743587, (68,
    2799.4021799999987): 2799.4021799999987, (68, 2355.1324166666664):
    2355.1324166666664, (69, 2351.273649358974): 2351.273649358974, (69,
    1417.291371153846): 1417.291371153846, (69, 3116.3587889743603):
    3116.3587889743603, (69, 1248.7198650000005): 1248.7198650000005, (69,
    2794.815498461538): 2794.815498461538, (70, 3050.1894162820527):
    3050.1894162820527, (70, 1222.2059058974355): 1222.2059058974355, (70,
    2735.4734267948706): 2735.4734267948706, (70, 2301.349262179487):
    2301.349262179487, (70, 1387.1981479487179): 1387.1981479487179, (71,
    1329.5066182051282): 1329.5066182051282, (71, 2923.3365270512836):
    2923.3365270512836, (71, 1171.3761611538462): 1171.3761611538462, (71,
    2621.7091130769227): 2621.7091130769227, (71, 2205.63953397436):
    2205.63953397436, (72, 2074.9621788461527): 2074.9621788461527, (72,
    2466.3809147435895): 2466.3809147435895, (72, 2750.137833461538):
    2750.137833461538, (72, 1250.737443076923): 1250.737443076923, (72,
    1101.9757283333336): 1101.9757283333336, (145, 2472.37219618421):
    2472.37219618421, (145, 990.6754914473684): 990.6754914473684, (145,
    2217.274903815789): 2217.274903815789, (145, 1865.3897034210522):
    1865.3897034210522, (145, 1124.4121809210524): 1124.4121809210524, (146,
    1059.2971822368422): 1059.2971822368422, (146, 2329.1964875):
    2329.1964875, (146, 933.3052196052632): 933.3052196052632, (146,
    2088.871944342105): 2088.871944342105, (146, 1757.364507105263):
    1757.364507105263, (147, 1696.7628738157891): 1696.7628738157891, (147,
    2016.8384826315782): 2016.8384826315782, (147, 901.1207644736844):
    901.1207644736844, (147, 1022.7679717105266): 1022.7679717105266, (147,
    2248.8755817105257): 2248.8755817105257, (148, 996.0074785526324):
    996.0074785526324, (148, 2190.03425986842): 2190.03425986842, (148,
    877.5431430263156): 877.5431430263156, (148, 1964.0683586842101):
    1964.0683586842101, (148, 1652.367456710526): 1652.367456710526, (149,
    982.2501842105268): 982.2501842105268, (149, 2159.7845400000006):
    2159.7845400000006, (149, 865.422129342105): 865.422129342105, (149,
    1936.93977986842): 1936.93977986842, (149, 1629.5442281578944):
    1629.5442281578944, (150, 2189.0769592105266): 2189.0769592105266, (150,
    877.1595539473685): 877.1595539473685, (150, 1963.209831315789):
    1963.209831315789, (150, 1651.6451794736838): 1651.6451794736838, (150,
    995.572106973685): 995.572106973685, (151, 1034.7854319736846):
    1034.7854319736846, (151, 2275.299730921053): 2275.299730921053, (151,
    911.7088778947368): 911.7088778947368, (151, 2040.536210394736):
    2040.536210394736, (151, 1716.6997338157896): 1716.6997338157896, (152,
    1755.3177638157888): 1755.3177638157888, (152, 2086.4391065789478):
    2086.4391065789478, (152, 932.2182306578948): 932.2182306578948, (152,
    1058.0634551315788): 1058.0634551315788, (152, 2326.4837514473684):
    2326.4837514473684, (153, 1120.2436725): 1120.2436725, (153,
    2463.20642618421): 2463.20642618421, (153, 987.0027826315788):
    987.0027826315788, (153, 2209.054849605263): 2209.054849605263, (153,
    1858.4741861842117): 1858.4741861842117, (154, 1189.2631205263153):
    1189.2631205263153, (154, 2614.9672901315785): 2614.9672901315785, (154,
    1047.8131130263155): 1047.8131130263155, (154, 2345.157155263157):
    2345.157155263157, (154, 1972.9768294736841): 1972.9768294736841, (155,
    2043.5351206578944): 2043.5351206578944, (155, 1231.7939653947371):
    1231.7939653947371, (155, 2429.025489473684): 2429.025489473684, (155,
    1085.2853734210526): 1085.2853734210526, (155, 2708.484669736844):
    2708.484669736844, (156, 1274.3164792105263): 1274.3164792105263, (156,
    2801.983726973684): 2801.983726973684, (156, 1122.7502925): 1122.7502925,
    (156, 2512.877392763158): 2512.877392763158, (156, 2114.079587894737):
    2114.079587894737, (157, 2877.843683157894): 2877.843683157894, (157,
    1153.1472527631581): 1153.1472527631581, (157, 2580.910181973685):
    2580.910181973685, (157, 2171.315460789474): 2171.315460789474, (157,
    1308.816890921053): 1308.816890921053, (158, 2573.407295394737):
    2573.407295394737, (158, 1305.0120686842108): 1305.0120686842108, (158,
    2869.477590394736): 2869.477590394736, (158, 1149.794973421053):
    1149.794973421053, (158, 2165.003294868421): 2165.003294868421, (159,
    1310.178954736842): 1310.178954736842, (159, 2880.838608421052):
    2880.838608421052, (159, 1154.3473146052636): 1154.3473146052636, (159,
    2583.5960925): 2583.5960925, (159, 2173.5751134210523):
    2173.5751134210523, (160, 2612.753687763158): 2612.753687763158, (160,
    1324.9651935526315): 1324.9651935526315, (160, 2913.3507817105265):
    2913.3507817105265, (160, 1167.374889342105): 1167.374889342105, (160,
    2198.105349078948): 2198.105349078948, (161, 2193.7833042105262):
    2193.7833042105262, (161, 2607.616335526316): 2607.616335526316, (161,
    2907.6223781578947): 2907.6223781578947, (161, 1322.3599676315791):
    1322.3599676315791, (161, 1165.0795272368423): 1165.0795272368423, (162,
    2566.8894005263164): 2566.8894005263164, (162, 1301.706749868421):
    1301.706749868421, (162, 2862.209813026316): 2862.209813026316, (162,
    1146.8827865789472): 1146.8827865789472, (162, 2159.5198010526324):
    2159.5198010526324, (163, 2804.8288590789475): 2804.8288590789475, (163,
    1275.6104196052636): 1275.6104196052636, (163, 1123.8903323684215):
    1123.8903323684215, (163, 2515.428966447368): 2515.428966447368, (163,
    2116.2262227631577): 2116.2262227631577, (164, 2643.06147105263):
    2643.06147105263, (164, 1180.916366710527): 1180.916366710527, (164,
    2223.603238552631): 2223.603238552631, (164, 1340.3347088157893):
    1340.3347088157893, (164, 2947.145473552631): 2947.145473552631, (165,
    1355.904952631579): 1355.904952631579, (165, 2981.3815281578954):
    2981.3815281578954, (165, 1194.634697763158): 1194.634697763158, (165,
    2673.765079078948): 2673.765079078948, (165, 2249.4341323684216):
    2249.4341323684216, (166, 2611.350604473684): 2611.350604473684, (166,
    1324.2536688157895): 1324.2536688157895, (166, 2911.786273552633):
    2911.786273552633, (166, 1166.7479936842103): 1166.7479936842103, (166,
    2196.924938026316): 2196.924938026316, (167, 2105.8130469736843):
    2105.8130469736843, (167, 1118.3600788157898): 1118.3600788157898, (167,
    2791.027321973685): 2791.027321973685, (167, 2503.05146118421):
    2503.05146118421, (167, 1269.3336065789474): 1269.3336065789474, (168,
    1053.8549702631583): 1053.8549702631583, (168, 2358.679706315789):
    2358.679706315789, (168, 1984.3533293421046): 1984.3533293421046, (168,
    1196.1206014473685): 1196.1206014473685, (168, 2630.0456090789467):
    2630.0456090789467, (169, 1737.1909400000002): 1737.1909400000002, (169,
    2064.892855): 2064.892855, (169, 922.591395): 922.591395, (169,
    2302.4586057142856): 2302.4586057142856, (169, 1047.1370392857143):
    1047.1370392857143, (170, 1707.1567649999995): 1707.1567649999995, (170,
    906.6407764285716): 906.6407764285716, (170, 2262.6515585714287):
    2262.6515585714287, (170, 1029.03316): 1029.03316, (170,
    2029.1930657142864): 2029.1930657142864, (171, 872.8479500000001):
    872.8479500000001, (171, 2178.316737142857): 2178.316737142857, (171,
    990.6784564285716): 990.6784564285716, (171, 1953.5598392857144):
    1953.5598392857144, (171, 1643.5266571428572): 1643.5266571428572, (172,
    1897.942600714286): 1897.942600714286, (172, 847.99824): 847.99824, (172,
    1596.7359664285718): 1596.7359664285718, (172, 962.4741514285715):
    962.4741514285715, (172, 2116.300738571428): 2116.300738571428, (173,
    940.7991485714284): 940.7991485714284, (173, 2068.6414628571433):
    2068.6414628571433, (173, 828.9012471428571): 828.9012471428571, (173,
    1855.2007664285716): 1855.2007664285716, (173, 1560.7773342857142):
    1560.7773342857142, (174, 818.3141078571429): 818.3141078571429, (174,
    928.7827914285716): 928.7827914285716, (174, 2042.2197414285715):
    2042.2197414285715, (174, 1540.8423064285716): 1540.8423064285716, (174,
    1831.505217142857): 1831.505217142857, (175, 1526.4267564285715):
    1526.4267564285715, (175, 1814.3703335714285): 1814.3703335714285, (175,
    810.6582635714287): 810.6582635714287, (175, 2023.113488571428):
    2023.113488571428, (175, 920.0934442857142): 920.0934442857142, (176,
    893.0390028571428): 893.0390028571428, (176, 1481.5436807142858):
    1481.5436807142858, (176, 1963.6258285714282): 1963.6258285714282, (176,
    1761.0205607142857): 1761.0205607142857, (176, 786.8216564285716):
    786.8216564285716, (177, 922.2532664285715): 922.2532664285715, (177,
    2027.8625371428573): 2027.8625371428573, (177, 812.5612): 812.5612, (177,
    1818.6293785714288): 1818.6293785714288, (177, 1530.0098835714284):
    1530.0098835714284, (178, 1919.8696228571428): 1919.8696228571428, (178,
    1615.1831357142855): 1615.1831357142855, (178, 857.7952071428572):
    857.7952071428572, (178, 973.5936607142855): 973.5936607142855, (178,
    2140.7504650000005): 2140.7504650000005, (179, 2246.7054692857146):
    2246.7054692857146, (179, 1695.1255371428572): 1695.1255371428572, (179,
    2014.89228): 2014.89228, (179, 900.2512042857142): 900.2512042857142,
    (179, 1021.7810242857144): 1021.7810242857144, (180, 1757.5943635714284):
    1757.5943635714284, (180, 2089.145160714286): 2089.145160714286, (180,
    933.4272914285716): 933.4272914285716, (180, 2329.501137142857):
    2329.501137142857, (180, 1059.4357328571427): 1059.4357328571427, (181,
    1091.8874464285714): 1091.8874464285714, (181, 2400.856387142857):
    2400.856387142857, (181, 962.019225): 962.019225, (181,
    2153.138034285714): 2153.138034285714, (181, 1811.4314635714288):
    1811.4314635714288, (182, 1108.886392857143): 1108.886392857143, (182,
    2438.2338942857136): 2438.2338942857136, (182, 976.99633): 976.99633,
    (182, 2186.658962857143): 2186.658962857143, (182, 1839.6325642857144):
    1839.6325642857144, (183, 1111.5290864285714): 1111.5290864285714, (183,
    2444.0446792857147): 2444.0446792857147, (183, 979.3247014285716):
    979.3247014285716, (183, 2191.870196428572): 2191.870196428572, (183,
    1844.0167657142858): 1844.0167657142858, (184, 970.6078742857144):
    970.6078742857144, (184, 2422.290590714286): 2422.290590714286, (184,
    1101.6355257142857): 1101.6355257142857, (184, 2172.3606750000004):
    2172.3606750000004, (184, 1827.6034399999999): 1827.6034399999999, (185,
    1817.000345): 1817.000345, (185, 964.9767614285714): 964.9767614285714,
    (185, 2159.7574271428575): 2159.7574271428575, (185, 1095.244235714286):
    1095.244235714286, (185, 2408.237339285714): 2408.237339285714, (186,
    2145.30337): 2145.30337, (186, 958.5187049999998): 958.5187049999998,
    (186, 2392.1203442857145): 2392.1203442857145, (186, 1087.9143757142858):
    1087.9143757142858, (186, 1804.8401707142853): 1804.8401707142853, (187,
    1092.1485014285713): 1092.1485014285713, (187, 2401.430397142857):
    2401.430397142857, (187, 962.2492285714285): 962.2492285714285, (187,
    1811.8645485714283): 1811.8645485714283, (187, 2153.6528171428567):
    2153.6528171428567, (188, 2610.443951428572): 2610.443951428572, (188,
    1046.0006185714285): 1046.0006185714285, (188, 2341.1005299999997):
    2341.1005299999997, (188, 1969.5639992857145): 1969.5639992857145, (188,
    1187.2059485714285): 1187.2059485714285, (189, 1071.9279914285712):
    1071.9279914285712, (189, 2399.1297385714283): 2399.1297385714283, (189,
    2018.3838742857147): 2018.3838742857147, (189, 1216.6333978571429):
    1216.6333978571429, (189, 2675.149415): 2675.149415, (190,
    1196.1710242857146): 1196.1710242857146, (190, 2630.15648): 2630.15648,
    (190, 1053.8993964285712): 1053.8993964285712, (190, 2358.779137857143):
    2358.779137857143, (190, 1984.436981428572): 1984.436981428572, (191,
    1919.604925714286): 1919.604925714286, (191, 2544.2286064285713):
    2544.2286064285713, (191, 1019.4682371428572): 1019.4682371428572, (191,
    1157.0918164285717): 1157.0918164285717, (191, 2281.71723): 2281.71723,
    (192, 2427.463343571428): 2427.463343571428, (192, 972.6805885714288):
    972.6805885714288, (192, 2176.999708571429): 2176.999708571429, (192,
    1831.5062478571426): 1831.5062478571426, (192, 1103.9880464285716):
    1103.9880464285716} failed:
        RuntimeError: Failed to set value for param=zone_demand_mw, index=(25,
        1016.727832307692), value=1016.727832307692.
    	source error message="Index '(25, 1016.727832307692)' is not valid for
    	indexed component 'zone_demand_mw'"
