logging output to logs\2024-06-22_12-24-01.log

================================================================================
Switch 2.0.7, https://switch-model.org
================================================================================
Arguments:
    log_run_to_file=True, logs_dir='logs', log_level='debug',
    inputs_dir='inputs', suffixes=['dual'], solver='cplex',
    solver_manager='serial', solver_options_string='lpmethod=4 solutiontype=2',
    tee=True, outputs_dir='outputs', no_save_solution=True, verbose=True

Modules:
    switch_model, switch_model.timescales, switch_model.financials,
    switch_model.balancing.load_zones, switch_model.energy_sources.properties,
    switch_model.generators.core.build, switch_model.generators.core.dispatch,
    switch_model.reporting, switch_model.balancing.diagnose_infeasibility,
    switch_model.generators.core.no_commit,
    switch_model.generators.extensions.hydro_simple,
    switch_model.generators.extensions.storage,
    switch_model.energy_sources.fuel_costs.simple,
    switch_model.policies.carbon_policies, switch_model.solve
================================================================================

relaxed constraint Max_Build_Potential
relaxed constraint Enforce_Min_Build_Lower
relaxed constraint Enforce_Min_Build_Upper
relaxed constraint Enforce_Dispatch_Baseload_Flat
relaxed constraint Enforce_Dispatch_Upper_Limit
relaxed constraint GenFuelUseRate_Calculate
relaxed constraint Enforce_Hydro_Min_Flow
relaxed constraint Enforce_Hydro_Avg_Flow
relaxed constraint Enforce_Fixed_Energy_Storage_Ratio
relaxed constraint Charge_Storage_Upper_Limit
relaxed constraint Track_State_Of_Charge
relaxed constraint State_Of_Charge_Upper_Limit
relaxed constraint Battery_Cycle_Limit
relaxed constraint Enforce_Fuel_Unavailability
relaxed constraint Enforce_Carbon_Cap
relaxed constraint Zone_Energy_Balance
Model defined in 0.28 s.

Loading inputs...
Data read in 0.90 s.

Constructing model instance from data and rules...
           0 seconds to construct Set PERIODS; 1 index total
Constructed 1 of 7457 components (0%)
           0 seconds to construct Param period_start; 1 index total
           0 seconds to construct Param period_end; 1 index total
           0 seconds to construct BuildCheck min_data_check_0; 1 index total
           0 seconds to construct Set TIMESERIES; 1 index total
           0 seconds to construct Param ts_period; 8 indices total
           0 seconds to construct Param ts_duration_of_tp; 8 indices total
           0 seconds to construct Param ts_num_tps; 8 indices total
           0 seconds to construct Param ts_scale_to_period; 8 indices total
           0 seconds to construct BuildCheck min_data_check_1; 1 index total
           0 seconds to construct Set TIMEPOINTS; 1 index total
           0 seconds to construct Param tp_ts; 192 indices total
           0 seconds to construct BuildCheck min_data_check_2; 1 index total
           0 seconds to construct Param tp_timestamp; 192 indices total
           0 seconds to construct Param tp_duration_hrs; 192 indices total
           0 seconds to construct Param tp_weight; 192 indices total
           0 seconds to construct Set TPS_IN_TS; 8 indices total
           0 seconds to construct Param tp_period; 192 indices total
           0 seconds to construct Set TS_IN_PERIOD; 1 index total
           0 seconds to construct Set TPS_IN_PERIOD; 1 index total
           0 seconds to construct Param add_one_to_period_end; 1 index total
           0 seconds to construct Param period_length_years; 1 index total
           0 seconds to construct Param period_length_hours; 1 index total
           0 seconds to construct Set CURRENT_AND_PRIOR_PERIODS_FOR_PERIOD; 1 index total
           0 seconds to construct Param ts_scale_to_year; 8 indices total
           0 seconds to construct Param ts_duration_hrs; 8 indices total
           0 seconds to construct Param tp_weight_in_year; 192 indices total
           0 seconds to construct Param tp_previous; 192 indices total
           0 seconds to construct BuildCheck validate_time_weights; 1 index total
           0 seconds to construct BuildCheck validate_period_lengths; 1 index total
           0 seconds to construct Param base_financial_year; 1 index total
           0 seconds to construct Param interest_rate; 1 index total
           0 seconds to construct Param discount_rate; 1 index total
           0 seconds to construct BuildCheck min_data_check_3; 1 index total
           0 seconds to construct Param bring_annual_costs_to_base_year; 1 index total
           0 seconds to construct Param bring_timepoint_costs_to_base_year; 192 indices total
           0 seconds to construct Set LOAD_ZONES; 1 index total
           0 seconds to construct Set SetProduct_OrderedSet; 1 index total
           0 seconds to construct Set SetProduct_OrderedSet; 1 index total
        0.01 seconds to construct Set ZONE_TIMEPOINTS; 1 index total
        0.01 seconds to construct Param zone_demand_mw; 960 indices total
           0 seconds to construct Param zone_ccs_distance_km; 5 indices total
           0 seconds to construct Param zone_dbid; 5 indices total
           0 seconds to construct BuildCheck min_data_check_4; 1 index total
           0 seconds to construct Set EXTERNAL_COINCIDENT_PEAK_DEMAND_ZONE_PERIODS_domain; 1 index total
           0 seconds to construct Set EXTERNAL_COINCIDENT_PEAK_DEMAND_ZONE_PERIODS_domain; 1 index total
           0 seconds to construct Set EXTERNAL_COINCIDENT_PEAK_DEMAND_ZONE_PERIODS; 1 index total
           0 seconds to construct Param zone_expected_coincident_peak_demand; 0 index total
           0 seconds to construct Set zone_total_demand_in_period_mwh_index; 1 index total
           0 seconds to construct Set zone_total_demand_in_period_mwh_index; 1 index total
           0 seconds to construct Param zone_total_demand_in_period_mwh; 5 indices total
           0 seconds to construct Set NON_FUEL_ENERGY_SOURCES; 1 index total
           0 seconds to construct Set FUELS; 1 index total
           0 seconds to construct Param f_co2_intensity; 14 indices total
           0 seconds to construct Param f_upstream_co2_intensity; 14 indices total
           0 seconds to construct BuildCheck min_data_check_5; 1 index total
           0 seconds to construct Set SetIntersection_OrderedSet; 1 index total
           0 seconds to construct Set SetIntersection_OrderedSet; 1 index total
           0 seconds to construct BuildCheck e_source_is_fuel_or_not_check; 1 index total
           0 seconds to construct Set SetUnion_OrderedSet; 1 index total
           0 seconds to construct Set SetUnion_OrderedSet; 1 index total
           0 seconds to construct Set ENERGY_SOURCES; 1 index total
           0 seconds to construct BuildCheck min_data_check_6; 1 index total
           0 seconds to construct Set GENERATION_PROJECTS; 1 index total
           0 seconds to construct Param gen_dbid; 613 indices total
           0 seconds to construct Param gen_tech; 613 indices total
           0 seconds to construct Set GENERATION_TECHNOLOGIES; 1 index total
           0 seconds to construct Param gen_energy_source; 613 indices total
           0 seconds to construct Param gen_load_zone; 613 indices total
           0 seconds to construct Param gen_max_age; 613 indices total
           0 seconds to construct Param gen_is_variable; 613 indices total
           0 seconds to construct Param gen_is_baseload; 613 indices total
           0 seconds to construct Param gen_is_cogen; 613 indices total
           0 seconds to construct Param gen_is_distributed; 613 indices total
           0 seconds to construct Param gen_scheduled_outage_rate; 613 indices total
           0 seconds to construct Param gen_forced_outage_rate; 613 indices total
           0 seconds to construct BuildCheck min_data_check_7; 1 index total
           0 seconds to construct Set GENS_IN_ZONE; 5 indices total
           0 seconds to construct Set VARIABLE_GENS; 1 index total
           0 seconds to construct Set VARIABLE_GENS_IN_ZONE; 5 indices total
           0 seconds to construct Set BASELOAD_GENS; 1 index total
           0 seconds to construct Set GENS_BY_TECHNOLOGY; 5 indices total
           0 seconds to construct Set CAPACITY_LIMITED_GENS; 1 index total
           0 seconds to construct Param gen_capacity_limit_mw; 1 index total
           0 seconds to construct Set DISCRETELY_SIZED_GENS; 1 index total
           0 seconds to construct Param gen_unit_size; 50 indices total
           0 seconds to construct Set CCS_EQUIPPED_GENS; 1 index total
           0 seconds to construct Param gen_ccs_capture_efficiency; 0 index total
           0 seconds to construct Param gen_ccs_energy_load; 0 index total
        0.01 seconds to construct Param gen_uses_fuel; 613 indices total
        0.01 seconds to construct Set NON_FUEL_BASED_GENS; 1 index total
           0 seconds to construct Set FUEL_BASED_GENS; 1 index total
           0 seconds to construct Param gen_full_load_heat_rate; 97 indices total
           0 seconds to construct Set MULTIFUEL_GENS; 1 index total
           0 seconds to construct Set MULTI_FUEL_GEN_FUELS; 1 index total
           0 seconds to construct Set FUELS_FOR_MULTIFUEL_GEN; 0 index total
           0 seconds to construct Set FUELS_FOR_GEN; 97 indices total
        0.01 seconds to construct Set GENS_BY_ENERGY_SOURCE; 21 indices total
           0 seconds to construct Set GENS_BY_NON_FUEL_ENERGY_SOURCE; 7 indices total
           0 seconds to construct Set GENS_BY_FUEL; 14 indices total
           0 seconds to construct Set PREDETERMINED_GEN_BLD_YRS; 1 index total
        0.01 seconds to construct Set GEN_BLD_YRS; 1 index total
           0 seconds to construct Set SetDifference_OrderedSet; 1 index total
           0 seconds to construct Set SetDifference_OrderedSet; 1 index total
           0 seconds to construct Set NEW_GEN_BLD_YRS; 1 index total
           0 seconds to construct Param build_gen_predetermined; 613 indices total
           0 seconds to construct BuildCheck min_data_check_8; 1 index total
        0.01 seconds to construct Set PERIODS_FOR_GEN_BLD_YR; 613 indices total
           0 seconds to construct Set BLD_YRS_FOR_GEN_PERIOD_index; 1 index total
           0 seconds to construct Set BLD_YRS_FOR_GEN_PERIOD_index; 1 index total
        0.05 seconds to construct Set BLD_YRS_FOR_GEN_PERIOD; 613 indices total
        0.01 seconds to construct Set PERIODS_FOR_GEN; 613 indices total
        0.01 seconds to construct Var BuildGen; 613 indices total
           0 seconds to construct BuildAction BuildGen_assign_default_value; 613 indices total
           0 seconds to construct Set GEN_PERIODS; 1 index total
           0 seconds to construct Set GenCapacity_index; 1 index total
           0 seconds to construct Set GenCapacity_index; 1 index total
        0.01 seconds to construct Expression GenCapacity; 613 indices total
           0 seconds to construct Set Max_Build_Potential_index; 1 index total
           0 seconds to construct Set Max_Build_Potential_index; 1 index total
           0 seconds to construct Var Relax_Max_Build_Potential_up; 1 index total
           0 seconds to construct Var Relax_Max_Build_Potential_down; 1 index total
           0 seconds to construct Constraint Max_Build_Potential; 1 index total
           0 seconds to construct Param gen_min_build_capacity; 613 indices total
           0 seconds to construct Set NEW_GEN_WITH_MIN_BUILD_YEARS; 1 index total
           0 seconds to construct Var BuildMinGenCap; 0 index total
           0 seconds to construct Var Relax_Enforce_Min_Build_Lower_up; 0 index total
           0 seconds to construct Var Relax_Enforce_Min_Build_Lower_down; 0 index total
           0 seconds to construct Constraint Enforce_Min_Build_Lower; 0 index total
           0 seconds to construct Var Relax_Enforce_Min_Build_Upper_up; 0 index total
           0 seconds to construct Var Relax_Enforce_Min_Build_Upper_down; 0 index total
           0 seconds to construct Constraint Enforce_Min_Build_Upper; 0 index total
           0 seconds to construct Param gen_variable_om; 613 indices total
        0.01 seconds to construct Param gen_connect_cost_per_mw; 613 indices total
           0 seconds to construct BuildCheck min_data_check_9; 1 index total
           0 seconds to construct Param gen_overnight_cost; 613 indices total
           0 seconds to construct Param gen_fixed_om; 613 indices total
           0 seconds to construct BuildCheck min_data_check_10; 1 index total
        0.01 seconds to construct Param gen_capital_cost_annual; 613 indices total
           0 seconds to construct Set GenCapitalCosts_index; 1 index total
           0 seconds to construct Set GenCapitalCosts_index; 1 index total
        0.01 seconds to construct Expression GenCapitalCosts; 613 indices total
           0 seconds to construct Set GenFixedOMCosts_index; 1 index total
           0 seconds to construct Set GenFixedOMCosts_index; 1 index total
        0.01 seconds to construct Expression GenFixedOMCosts; 613 indices total
           0 seconds to construct Expression TotalGenFixedCosts; 1 index total
        0.01 seconds to construct Set GENS_IN_PERIOD; 1 index total
        0.40 seconds to construct Set TPS_FOR_GEN; 613 indices total
           0 seconds to construct Set TPS_FOR_GEN_IN_PERIOD_index; 1 index total
           0 seconds to construct Set TPS_FOR_GEN_IN_PERIOD_index; 1 index total
        0.47 seconds to construct Set TPS_FOR_GEN_IN_PERIOD; 613 indices total
        0.54 seconds to construct Set GEN_TPS; 1 index total
        0.23 seconds to construct Set VARIABLE_GEN_TPS; 1 index total
        0.11 seconds to construct Set FUEL_BASED_GEN_TPS; 1 index total
        0.13 seconds to construct Set GEN_TP_FUELS; 1 index total
        0.53 seconds to construct Expression GenCapacityInTP; 93504 indices total
        0.14 seconds to construct Var DispatchGen; 93504 indices total
           0 seconds to construct Set ZoneTotalCentralDispatch_index; 1 index total
           0 seconds to construct Set ZoneTotalCentralDispatch_index; 1 index total
        1.26 seconds to construct Expression ZoneTotalCentralDispatch; 960 indices total
           0 seconds to construct Set ZoneTotalDistributedDispatch_index; 1 index total
           0 seconds to construct Set ZoneTotalDistributedDispatch_index; 1 index total
        0.57 seconds to construct Expression ZoneTotalDistributedDispatch; 960 indices total
        0.01 seconds to construct Param gen_availability; 613 indices total
           0 seconds to construct Set VARIABLE_GEN_TPS_RAW_domain; 1 index total
           0 seconds to construct Set VARIABLE_GEN_TPS_RAW_domain; 1 index total
        0.43 seconds to construct Set VARIABLE_GEN_TPS_RAW; 1 index total
        0.28 seconds to construct Param gen_max_capacity_factor; 37056 indices total
        0.11 seconds to construct BuildCheck have_minimal_gen_max_capacity_factors; 37056 indices total
           0 seconds to construct Set SetDifference_OrderedSet; 1 index total
           0 seconds to construct Set SetDifference_OrderedSet; 1 index total
        0.07 seconds to construct BuildAction notify_on_extra_VARIABLE_GEN_TPS; 1 index total
        0.02 seconds to construct Var GenFuelUseRate; 18624 indices total
        0.29 seconds to construct Expression DispatchEmissions; 18624 indices total
        0.10 seconds to construct Expression AnnualEmissions; 1 index total
        0.48 seconds to construct Expression GenVariableOMCostsInTP; 192 indices total
           0 seconds to construct Set BASELOAD_GEN_PERIODS; 1 index total
           0 seconds to construct Set BASELOAD_GEN_TPS; 1 index total
           0 seconds to construct Var DispatchBaseloadByPeriod; 0 index total
        0.90 seconds to construct Expression DispatchUpperLimit; 93504 indices total
           0 seconds to construct Var Relax_Enforce_Dispatch_Baseload_Flat_up; 0 index total
           0 seconds to construct Var Relax_Enforce_Dispatch_Baseload_Flat_down; 0 index total
           0 seconds to construct Constraint Enforce_Dispatch_Baseload_Flat; 0 index total
        0.14 seconds to construct Var Relax_Enforce_Dispatch_Upper_Limit_up; 93504 indices total
        0.14 seconds to construct Var Relax_Enforce_Dispatch_Upper_Limit_down; 93504 indices total
        4.69 seconds to construct Constraint Enforce_Dispatch_Upper_Limit; 93504 indices total
        0.03 seconds to construct Var Relax_GenFuelUseRate_Calculate_up; 18624 indices total
        0.02 seconds to construct Var Relax_GenFuelUseRate_Calculate_down; 18624 indices total
        1.08 seconds to construct Constraint GenFuelUseRate_Calculate; 18624 indices total
           0 seconds to construct Set HYDRO_GEN_TS_RAW; 1 index total
           0 seconds to construct Set HYDRO_GENS; 1 index total
           0 seconds to construct Set HYDRO_GEN_TS; 1 index total
        0.18 seconds to construct Set HYDRO_GEN_TPS; 1 index total
           0 seconds to construct BuildCheck have_minimal_hydro_params; 0 index total
           0 seconds to construct Set SetDifference_OrderedSet; 1 index total
           0 seconds to construct Set SetDifference_OrderedSet; 1 index total
           0 seconds to construct BuildCheck warn_on_extra_HYDRO_GEN_TS; 1 index total
           0 seconds to construct Param hydro_min_flow_mw; 0 index total
           0 seconds to construct Var Relax_Enforce_Hydro_Min_Flow_up; 0 index total
           0 seconds to construct Var Relax_Enforce_Hydro_Min_Flow_down; 0 index total
           0 seconds to construct Constraint Enforce_Hydro_Min_Flow; 0 index total
           0 seconds to construct Param hydro_avg_flow_mw; 0 index total
           0 seconds to construct Var SpillHydro; 0 index total
           0 seconds to construct Var Relax_Enforce_Hydro_Avg_Flow_up; 0 index total
           0 seconds to construct Var Relax_Enforce_Hydro_Avg_Flow_down; 0 index total
           0 seconds to construct Constraint Enforce_Hydro_Avg_Flow; 0 index total
           0 seconds to construct BuildCheck min_data_check_11; 1 index total
           0 seconds to construct Set STORAGE_GENS; 1 index total
           0 seconds to construct Set STORAGE_GEN_PERIODS; 1 index total
           0 seconds to construct Param gen_storage_efficiency; 0 index total
           0 seconds to construct Param gen_store_to_release_ratio; 0 index total
           0 seconds to construct Param gen_storage_energy_to_power_ratio; 0 index total
           0 seconds to construct Param gen_storage_max_cycles_per_year; 0 index total
           0 seconds to construct Set STORAGE_GEN_BLD_YRS; 1 index total
           0 seconds to construct Param gen_storage_energy_overnight_cost; 0 index total
           0 seconds to construct BuildCheck min_data_check_12; 1 index total
           0 seconds to construct Param build_gen_energy_predetermined; 613 indices total
           0 seconds to construct Var BuildStorageEnergy; 0 index total
           0 seconds to construct Set StorageEnergyCapitalCost_index; 1 index total
           0 seconds to construct Set StorageEnergyCapitalCost_index; 1 index total
           0 seconds to construct Expression StorageEnergyCapitalCost; 0 index total
           0 seconds to construct Expression StorageEnergyFixedCost; 1 index total
           0 seconds to construct Set StorageEnergyCapacity_index; 1 index total
           0 seconds to construct Set StorageEnergyCapacity_index; 1 index total
           0 seconds to construct Expression StorageEnergyCapacity; 0 index total
           0 seconds to construct Set STORAGE_GEN_TPS; 1 index total
           0 seconds to construct Var ChargeStorage; 0 index total
           0 seconds to construct Set StorageNetCharge_index; 1 index total
           0 seconds to construct Set StorageNetCharge_index; 1 index total
           0 seconds to construct Expression StorageNetCharge; 960 indices total
           0 seconds to construct Var Relax_Enforce_Fixed_Energy_Storage_Ratio_up; 0 index total
           0 seconds to construct Var Relax_Enforce_Fixed_Energy_Storage_Ratio_down; 0 index total
           0 seconds to construct Constraint Enforce_Fixed_Energy_Storage_Ratio; 0 index total
           0 seconds to construct Var Relax_Charge_Storage_Upper_Limit_up; 0 index total
           0 seconds to construct Var Relax_Charge_Storage_Upper_Limit_down; 0 index total
           0 seconds to construct Constraint Charge_Storage_Upper_Limit; 0 index total
           0 seconds to construct Var StateOfCharge; 0 index total
           0 seconds to construct Var Relax_Track_State_Of_Charge_up; 0 index total
           0 seconds to construct Var Relax_Track_State_Of_Charge_down; 0 index total
           0 seconds to construct Constraint Track_State_Of_Charge; 0 index total
           0 seconds to construct Var Relax_State_Of_Charge_Upper_Limit_up; 0 index total
           0 seconds to construct Var Relax_State_Of_Charge_Upper_Limit_down; 0 index total
           0 seconds to construct Constraint State_Of_Charge_Upper_Limit; 0 index total
           0 seconds to construct Var Relax_Battery_Cycle_Limit_up; 0 index total
           0 seconds to construct Var Relax_Battery_Cycle_Limit_down; 0 index total
           0 seconds to construct Constraint Battery_Cycle_Limit; 0 index total
           0 seconds to construct Set ZONE_FUEL_PERIODS; 1 index total
           0 seconds to construct Param fuel_cost; 45 indices total
           0 seconds to construct BuildCheck min_data_check_13; 1 index total
        0.16 seconds to construct Set GEN_TP_FUELS_UNAVAILABLE; 1 index total
        0.02 seconds to construct Var Relax_Enforce_Fuel_Unavailability_up; 9024 indices total
        0.02 seconds to construct Var Relax_Enforce_Fuel_Unavailability_down; 9024 indices total
        0.41 seconds to construct Constraint Enforce_Fuel_Unavailability; 9024 indices total
        0.11 seconds to construct Expression FuelCostsPerTP; 192 indices total
           0 seconds to construct Param carbon_cap_tco2_per_yr; 1 index total
           0 seconds to construct Var Relax_Enforce_Carbon_Cap_up; 1 index total
           0 seconds to construct Var Relax_Enforce_Carbon_Cap_down; 1 index total
           0 seconds to construct Constraint Enforce_Carbon_Cap; 1 index total
           0 seconds to construct Param carbon_cost_dollar_per_tco2; 1 index total
           0 seconds to construct Expression EmissionsCosts; 1 index total
           0 seconds to construct Expression SystemCostPerPeriod; 1 index total
           0 seconds to construct Expression SystemCost; 1 index total
           0 seconds to construct Objective Minimize_System_Cost; 1 index total
           0 seconds to construct Var Relax_Zone_Energy_Balance_up; 960 indices total
           0 seconds to construct Var Relax_Zone_Energy_Balance_down; 960 indices total
        0.07 seconds to construct Constraint Zone_Energy_Balance; 960 indices total
Model instance constructed in 14.89 s.

Executing pre-solve functions...
        0.87 seconds to construct Objective Total_Constraint_Relaxations; 1 index total
Completed pre-solve processing in 16.67 s.

Solving model...
--------------------------------- solver output --------------------------------

Welcome to IBM(R) ILOG(R) CPLEX(R) Interactive Optimizer 22.1.1.0
  with Simplex, Mixed Integer & Barrier Optimizers
5725-A06 5725-A29 5724-Y48 5724-Y49 5724-Y54 5724-Y55 5655-Y21
Copyright IBM Corp. 1988, 2022.  All Rights Reserved.

Type 'help' for a list of available commands.
Type 'help' followed by a command name for more
information on commands.

CPLEX> Logfile 'cplex.log' closed.
Logfile 'C:\Users\juanj\AppData\Local\Temp\tmpbkrugr42.cplex.log' open.
CPLEX> New value for method for linear optimization: 4
CPLEX> New value for solution information CPLEX will attempt to compute: 2
CPLEX> Problem 'C:\Users\juanj\AppData\Local\Temp\tmpx48nj_y6.pyomo.lp' read.
Read time = 0.50 sec. (21.65 ticks)
CPLEX> Problem name         : C:\Users\juanj\AppData\Local\Temp\tmpx48nj_y6.pyomo.lp
Objective sense      : Minimize
Variables            :  356844  [Nneg: 356357,  Fix: 487]
Objective nonzeros   :  244228
Linear constraints   :  122115  [Less: 93506,  Equal: 28609]
  Nonzeros           :  574476
  RHS nonzeros       :     963

Variables            : Min LB: 0.000000         Max UB: 1250.000       
Objective nonzeros   : Min   : 1.000000         Max   : 1.000000       
Linear constraints   :
  Nonzeros           : Min   : 1.272035e-06     Max   : 15.71480       
  RHS nonzeros       : Min   : 1.000000         Max   : 1.000000e+14   
CPLEX> Version identifier: 22.1.1.0 | 2022-11-27 | 9160aff4d
CPXPARAM_LPMethod                                4
CPXPARAM_SolutionType                            2
Tried aggregator 1 time.
LP Presolve eliminated 38508 rows and 208255 columns.
Aggregator did 18624 substitutions.
Reduced LP has 64983 rows, 129965 columns, and 203587 nonzeros.
Presolve time = 0.48 sec. (259.94 ticks)
Symmetry aggregator did 58890 additional substitutions.
Tried aggregator 0 times.
No LP presolve or aggregator reductions.
Presolve time = 0.05 sec. (22.45 ticks)
Parallel mode: using up to 4 threads for barrier.
Number of nonzeros in lower triangle of A*A' = 54376
Using Approximate Minimum Degree ordering
Total time for automatic ordering = 0.02 sec. (4.28 ticks)
Summary statistics for Cholesky factor:
  Threads                   = 4
  Rows in Factor            = 45353
  Integer space required    = 74846
  Total non-zeros in factor = 251562
  Total FP ops to factor    = 2775524
 Itn      Primal Obj        Dual Obj  Prim Inf Upper Inf  Dual Inf Inf Ratio
   0   4.7963750e+15   0.0000000e+00  3.89e+15  0.00e+00  2.63e+06  1.00e+00
   1   8.2233099e+14  -8.0475965e+11  6.67e+14  0.00e+00  3.33e+04  1.57e-11
   2   3.7316101e+13  -9.0298387e+11  3.10e+13  0.00e+00  4.54e+02  6.20e-10
   3   1.1338140e+13   1.5090267e+10  8.09e+12  0.00e+00  3.18e+02  9.19e-10
   4   7.9231139e+12  -2.6902389e+11  6.41e+12  0.00e+00  3.00e+02  1.01e-09
   5   7.1052197e+12  -1.5491949e+11  5.74e+12  0.00e+00  1.89e+02  1.61e-09
   6   2.8056858e+11  -8.9530474e+09  2.31e+11  0.00e+00  5.07e+00  4.44e-07
   7   1.2016503e+08  -2.8261092e+06  9.98e+07  0.00e+00  8.68e-04  2.20e-03
   8   1.9138749e+07  -2.0388680e+06  1.73e+07  0.00e+00  1.62e-05  6.36e-02
   9   4.6970753e+06  -1.0719124e+06  4.76e+06  0.00e+00  3.63e-06  4.80e-02
  10   1.0519067e+06  -5.1039460e+05  1.28e+06  0.00e+00  1.04e-06  1.32e-01
  11   1.3324573e+05  -1.6385488e+05  2.23e+05  0.00e+00  2.38e-07  4.96e-01
  12   1.3765626e+04  -1.6248570e+04  3.09e+04  0.00e+00  1.62e-08  9.08e+00
  13   1.3274961e+03  -7.0597223e+02  3.44e+03  0.00e+00  4.86e-10  2.50e+02
  14   1.3891576e+02  -2.1662570e+01  3.81e+02  0.00e+00  1.52e-11  6.45e+03
  15   1.5576536e+01  -2.6149628e+00  4.80e+01  0.00e+00  9.10e-12  4.15e+04
  16   4.4021489e+00  -2.0356979e-01  1.39e+01  0.00e+00  9.81e-12  5.31e+05
  17   4.0047592e-01  -1.8177468e-02  1.32e+00  0.00e+00  1.18e-11  7.11e+06
  18   4.2558811e-02  -5.6724660e-03  1.53e-01  0.00e+00  1.04e-11  1.67e+07
  19   3.4666516e-03  -3.5173499e-04  2.07e-02  0.00e+00  9.18e-12  2.56e+08
  20   9.9459576e-07  -1.9196581e-06  1.38e-02  0.00e+00  8.03e-12  4.64e+10
  21   1.0467992e-10  -2.8212668e-10  8.64e-03  0.00e+00  7.95e-12  3.15e+14
Barrier time = 0.80 sec. (417.62 ticks)

Total time on 4 threads = 1.31 sec. (687.25 ticks)
Barrier time = 1.34 sec. (705.54 ticks)

Total time on 4 threads = 1.34 sec. (705.54 ticks)

Barrier - Optimal:  Objective =  1.0467991780e-10
Solution time =    1.36 sec.  Iterations = 21
Deterministic time = 705.54 ticks  (519.16 ticks/sec)

CPLEX> Solution written to file 'C:\Users\juanj\AppData\Local\Temp\tmp2m4er6t1.cplex.sol'.
CPLEX> ---------------------------- end of solver output ----------------------------

Solved model. Total time spent in solver: 22.34 s.

Optimization termination condition was optimal.

Executing post-solve functions...

Congratulations, the model is feasible. Please solve again without using the switch_model.balancing.diagnose_infeasibility module to obtain the optimal solution.

Completed post-solve processing in 27.18 s.

Switch completed successfully in 66.48 s.
================================================================================

