logging output to logs\2024-06-25_23-21-50.log

================================================================================
Switch 2.0.7, https://switch-model.org
================================================================================
Arguments:
    log_run_to_file=True, logs_dir='logs', log_level='debug',
    inputs_dir='inputs', suffixes=['dual'], solver='cplex',
    solver_manager='serial', solver_options_string='lpmethod=4 solutiontype=2',
    tee=True, outputs_dir='outputs', no_save_solution=True, verbose=True

Modules:
    switch_model, switch_model.timescales, switch_model.financials,
    switch_model.balancing.load_zones, switch_model.energy_sources.properties,
    switch_model.generators.core.build, switch_model.generators.core.dispatch,
    switch_model.reporting, switch_model.generators.core.no_commit,
    switch_model.generators.extensions.hydro_simple,
    switch_model.generators.extensions.storage,
    switch_model.energy_sources.fuel_costs.simple,
    switch_model.policies.carbon_policies, switch_model.solve
================================================================================

Model defined in 0.09 s.

Loading inputs...
Data read in 0.86 s.

Constructing model instance from data and rules...
           0 seconds to construct Set PERIODS; 1 index total
Constructed 1 of 209 components (0%)
           0 seconds to construct Param period_start; 1 index total
           0 seconds to construct Param period_end; 1 index total
           0 seconds to construct BuildCheck min_data_check_0; 1 index total
           0 seconds to construct Set TIMESERIES; 1 index total
           0 seconds to construct Param ts_period; 8 indices total
           0 seconds to construct Param ts_duration_of_tp; 8 indices total
           0 seconds to construct Param ts_num_tps; 8 indices total
           0 seconds to construct Param ts_scale_to_period; 8 indices total
           0 seconds to construct BuildCheck min_data_check_1; 1 index total
           0 seconds to construct Set TIMEPOINTS; 1 index total
           0 seconds to construct Param tp_ts; 192 indices total
           0 seconds to construct BuildCheck min_data_check_2; 1 index total
           0 seconds to construct Param tp_timestamp; 192 indices total
           0 seconds to construct Param tp_duration_hrs; 192 indices total
           0 seconds to construct Param tp_weight; 192 indices total
           0 seconds to construct Set TPS_IN_TS; 8 indices total
           0 seconds to construct Param tp_period; 192 indices total
           0 seconds to construct Set TS_IN_PERIOD; 1 index total
           0 seconds to construct Set TPS_IN_PERIOD; 1 index total
           0 seconds to construct Param add_one_to_period_end; 1 index total
Constructed 21 of 209 components (10%)
           0 seconds to construct Param period_length_years; 1 index total
           0 seconds to construct Param period_length_hours; 1 index total
           0 seconds to construct Set CURRENT_AND_PRIOR_PERIODS_FOR_PERIOD; 1 index total
           0 seconds to construct Param ts_scale_to_year; 8 indices total
           0 seconds to construct Param ts_duration_hrs; 8 indices total
           0 seconds to construct Param tp_weight_in_year; 192 indices total
           0 seconds to construct Param tp_previous; 192 indices total
           0 seconds to construct BuildCheck validate_time_weights; 1 index total
           0 seconds to construct BuildCheck validate_period_lengths; 1 index total
           0 seconds to construct Param base_financial_year; 1 index total
           0 seconds to construct Param interest_rate; 1 index total
           0 seconds to construct Param discount_rate; 1 index total
           0 seconds to construct BuildCheck min_data_check_3; 1 index total
           0 seconds to construct Param bring_annual_costs_to_base_year; 1 index total
           0 seconds to construct Param bring_timepoint_costs_to_base_year; 192 indices total
           0 seconds to construct Set LOAD_ZONES; 1 index total
           0 seconds to construct Set SetProduct_OrderedSet; 1 index total
           0 seconds to construct Set SetProduct_OrderedSet; 1 index total
        0.01 seconds to construct Set ZONE_TIMEPOINTS; 1 index total
        0.01 seconds to construct Param zone_demand_mw; 960 indices total
           0 seconds to construct Param zone_ccs_distance_km; 5 indices total
           0 seconds to construct Param zone_dbid; 5 indices total
           0 seconds to construct BuildCheck min_data_check_4; 1 index total
Constructed 42 of 209 components (20%)
           0 seconds to construct Set EXTERNAL_COINCIDENT_PEAK_DEMAND_ZONE_PERIODS_domain; 1 index total
           0 seconds to construct Set EXTERNAL_COINCIDENT_PEAK_DEMAND_ZONE_PERIODS_domain; 1 index total
           0 seconds to construct Set EXTERNAL_COINCIDENT_PEAK_DEMAND_ZONE_PERIODS; 1 index total
           0 seconds to construct Param zone_expected_coincident_peak_demand; 0 index total
           0 seconds to construct Set zone_total_demand_in_period_mwh_index; 1 index total
           0 seconds to construct Set zone_total_demand_in_period_mwh_index; 1 index total
           0 seconds to construct Param zone_total_demand_in_period_mwh; 5 indices total
           0 seconds to construct Set NON_FUEL_ENERGY_SOURCES; 1 index total
           0 seconds to construct Set FUELS; 1 index total
           0 seconds to construct Param f_co2_intensity; 14 indices total
           0 seconds to construct Param f_upstream_co2_intensity; 14 indices total
           0 seconds to construct BuildCheck min_data_check_5; 1 index total
           0 seconds to construct Set SetIntersection_OrderedSet; 1 index total
           0 seconds to construct Set SetIntersection_OrderedSet; 1 index total
           0 seconds to construct BuildCheck e_source_is_fuel_or_not_check; 1 index total
           0 seconds to construct Set SetUnion_OrderedSet; 1 index total
           0 seconds to construct Set SetUnion_OrderedSet; 1 index total
           0 seconds to construct Set ENERGY_SOURCES; 1 index total
           0 seconds to construct BuildCheck min_data_check_6; 1 index total
           0 seconds to construct Set GENERATION_PROJECTS; 1 index total
           0 seconds to construct Param gen_dbid; 611 indices total
           0 seconds to construct Param gen_tech; 611 indices total
           0 seconds to construct Set GENERATION_TECHNOLOGIES; 1 index total
           0 seconds to construct Param gen_energy_source; 611 indices total
           0 seconds to construct Param gen_load_zone; 611 indices total
           0 seconds to construct Param gen_max_age; 611 indices total
        0.01 seconds to construct Param gen_is_variable; 611 indices total
Constructed 63 of 209 components (30%)
        0.01 seconds to construct Param gen_is_baseload; 611 indices total
        0.01 seconds to construct Param gen_is_cogen; 611 indices total
           0 seconds to construct Param gen_is_distributed; 611 indices total
           0 seconds to construct Param gen_scheduled_outage_rate; 611 indices total
           0 seconds to construct Param gen_forced_outage_rate; 611 indices total
           0 seconds to construct BuildCheck min_data_check_7; 1 index total
           0 seconds to construct Set GENS_IN_ZONE; 5 indices total
           0 seconds to construct Set VARIABLE_GENS; 1 index total
           0 seconds to construct Set VARIABLE_GENS_IN_ZONE; 5 indices total
           0 seconds to construct Set BASELOAD_GENS; 1 index total
           0 seconds to construct Set GENS_BY_TECHNOLOGY; 5 indices total
           0 seconds to construct Set CAPACITY_LIMITED_GENS; 1 index total
           0 seconds to construct Param gen_capacity_limit_mw; 1 index total
           0 seconds to construct Set DISCRETELY_SIZED_GENS; 1 index total
           0 seconds to construct Param gen_unit_size; 50 indices total
           0 seconds to construct Set CCS_EQUIPPED_GENS; 1 index total
           0 seconds to construct Param gen_ccs_capture_efficiency; 0 index total
           0 seconds to construct Param gen_ccs_energy_load; 0 index total
           0 seconds to construct Param gen_uses_fuel; 611 indices total
           0 seconds to construct Set NON_FUEL_BASED_GENS; 1 index total
           0 seconds to construct Set FUEL_BASED_GENS; 1 index total
Constructed 84 of 209 components (40%)
           0 seconds to construct Param gen_full_load_heat_rate; 97 indices total
           0 seconds to construct Set MULTIFUEL_GENS; 1 index total
           0 seconds to construct Set MULTI_FUEL_GEN_FUELS; 1 index total
           0 seconds to construct Set FUELS_FOR_MULTIFUEL_GEN; 0 index total
           0 seconds to construct Set FUELS_FOR_GEN; 97 indices total
           0 seconds to construct Set GENS_BY_ENERGY_SOURCE; 21 indices total
           0 seconds to construct Set GENS_BY_NON_FUEL_ENERGY_SOURCE; 7 indices total
           0 seconds to construct Set GENS_BY_FUEL; 14 indices total
           0 seconds to construct Set PREDETERMINED_GEN_BLD_YRS; 1 index total
        0.01 seconds to construct Set GEN_BLD_YRS; 1 index total
           0 seconds to construct Set SetDifference_OrderedSet; 1 index total
           0 seconds to construct Set SetDifference_OrderedSet; 1 index total
           0 seconds to construct Set NEW_GEN_BLD_YRS; 1 index total
           0 seconds to construct Param build_gen_predetermined; 501 indices total
           0 seconds to construct BuildCheck min_data_check_8; 1 index total
        0.01 seconds to construct Set PERIODS_FOR_GEN_BLD_YR; 501 indices total
           0 seconds to construct Set BLD_YRS_FOR_GEN_PERIOD_index; 1 index total
           0 seconds to construct Set BLD_YRS_FOR_GEN_PERIOD_index; 1 index total
        0.03 seconds to construct Set BLD_YRS_FOR_GEN_PERIOD; 611 indices total
        0.01 seconds to construct Set PERIODS_FOR_GEN; 611 indices total
           0 seconds to construct Var BuildGen; 501 indices total
           0 seconds to construct BuildAction BuildGen_assign_default_value; 501 indices total
           0 seconds to construct Set GEN_PERIODS; 1 index total
           0 seconds to construct Set GenCapacity_index; 1 index total
           0 seconds to construct Set GenCapacity_index; 1 index total
Constructed 105 of 209 components (50%)
        0.01 seconds to construct Expression GenCapacity; 611 indices total
           0 seconds to construct Set Max_Build_Potential_index; 1 index total
           0 seconds to construct Set Max_Build_Potential_index; 1 index total
           0 seconds to construct Constraint Max_Build_Potential; 1 index total
           0 seconds to construct Param gen_min_build_capacity; 611 indices total
           0 seconds to construct Set NEW_GEN_WITH_MIN_BUILD_YEARS; 1 index total
           0 seconds to construct Var BuildMinGenCap; 0 index total
           0 seconds to construct Constraint Enforce_Min_Build_Lower; 0 index total
           0 seconds to construct Constraint Enforce_Min_Build_Upper; 0 index total
           0 seconds to construct Param gen_variable_om; 611 indices total
           0 seconds to construct Param gen_connect_cost_per_mw; 611 indices total
           0 seconds to construct BuildCheck min_data_check_9; 1 index total
           0 seconds to construct Param gen_overnight_cost; 501 indices total
           0 seconds to construct Param gen_fixed_om; 501 indices total
           0 seconds to construct BuildCheck min_data_check_10; 1 index total
        0.01 seconds to construct Param gen_capital_cost_annual; 501 indices total
           0 seconds to construct Set GenCapitalCosts_index; 1 index total
           0 seconds to construct Set GenCapitalCosts_index; 1 index total
        0.01 seconds to construct Expression GenCapitalCosts; 611 indices total
           0 seconds to construct Set GenFixedOMCosts_index; 1 index total
           0 seconds to construct Set GenFixedOMCosts_index; 1 index total
        0.02 seconds to construct Expression GenFixedOMCosts; 611 indices total
        0.01 seconds to construct Expression TotalGenFixedCosts; 1 index total
           0 seconds to construct Set GENS_IN_PERIOD; 1 index total
Constructed 126 of 209 components (60%)
        0.38 seconds to construct Set TPS_FOR_GEN; 611 indices total
           0 seconds to construct Set TPS_FOR_GEN_IN_PERIOD_index; 1 index total
           0 seconds to construct Set TPS_FOR_GEN_IN_PERIOD_index; 1 index total
        0.43 seconds to construct Set TPS_FOR_GEN_IN_PERIOD; 611 indices total
        0.64 seconds to construct Set GEN_TPS; 1 index total
        0.22 seconds to construct Set VARIABLE_GEN_TPS; 1 index total
        0.10 seconds to construct Set FUEL_BASED_GEN_TPS; 1 index total
        0.14 seconds to construct Set GEN_TP_FUELS; 1 index total
        0.51 seconds to construct Expression GenCapacityInTP; 93504 indices total
        0.12 seconds to construct Var DispatchGen; 93504 indices total
           0 seconds to construct Set ZoneTotalCentralDispatch_index; 1 index total
           0 seconds to construct Set ZoneTotalCentralDispatch_index; 1 index total
        1.27 seconds to construct Expression ZoneTotalCentralDispatch; 960 indices total
           0 seconds to construct Set ZoneTotalDistributedDispatch_index; 1 index total
           0 seconds to construct Set ZoneTotalDistributedDispatch_index; 1 index total
        0.54 seconds to construct Expression ZoneTotalDistributedDispatch; 960 indices total
           0 seconds to construct Param gen_availability; 611 indices total
           0 seconds to construct Set VARIABLE_GEN_TPS_RAW_domain; 1 index total
           0 seconds to construct Set VARIABLE_GEN_TPS_RAW_domain; 1 index total
        0.41 seconds to construct Set VARIABLE_GEN_TPS_RAW; 1 index total
        0.26 seconds to construct Param gen_max_capacity_factor; 37056 indices total
        0.10 seconds to construct BuildCheck have_minimal_gen_max_capacity_factors; 37056 indices total
           0 seconds to construct Set SetDifference_OrderedSet; 1 index total
           0 seconds to construct Set SetDifference_OrderedSet; 1 index total
        0.07 seconds to construct BuildAction notify_on_extra_VARIABLE_GEN_TPS; 1 index total
        0.02 seconds to construct Var GenFuelUseRate; 18624 indices total
        0.24 seconds to construct Expression DispatchEmissions; 18624 indices total
Constructed 147 of 209 components (70%)
        0.10 seconds to construct Expression AnnualEmissions; 1 index total
        0.45 seconds to construct Expression GenVariableOMCostsInTP; 192 indices total
           0 seconds to construct Set BASELOAD_GEN_PERIODS; 1 index total
           0 seconds to construct Set BASELOAD_GEN_TPS; 1 index total
           0 seconds to construct Var DispatchBaseloadByPeriod; 0 index total
        0.84 seconds to construct Expression DispatchUpperLimit; 93504 indices total
           0 seconds to construct Constraint Enforce_Dispatch_Baseload_Flat; 0 index total
        1.20 seconds to construct Constraint Enforce_Dispatch_Upper_Limit; 93504 indices total
        0.35 seconds to construct Constraint GenFuelUseRate_Calculate; 18624 indices total
           0 seconds to construct Set HYDRO_GEN_TS_RAW; 1 index total
           0 seconds to construct Set HYDRO_GENS; 1 index total
           0 seconds to construct Set HYDRO_GEN_TS; 1 index total
        0.17 seconds to construct Set HYDRO_GEN_TPS; 1 index total
           0 seconds to construct BuildCheck have_minimal_hydro_params; 0 index total
           0 seconds to construct Set SetDifference_OrderedSet; 1 index total
           0 seconds to construct Set SetDifference_OrderedSet; 1 index total
           0 seconds to construct BuildCheck warn_on_extra_HYDRO_GEN_TS; 1 index total
           0 seconds to construct Param hydro_min_flow_mw; 0 index total
           0 seconds to construct Constraint Enforce_Hydro_Min_Flow; 0 index total
           0 seconds to construct Param hydro_avg_flow_mw; 0 index total
           0 seconds to construct Var SpillHydro; 0 index total
           0 seconds to construct Constraint Enforce_Hydro_Avg_Flow; 0 index total
           0 seconds to construct BuildCheck min_data_check_11; 1 index total
Constructed 168 of 209 components (80%)
           0 seconds to construct Set STORAGE_GENS; 1 index total
           0 seconds to construct Set STORAGE_GEN_PERIODS; 1 index total
           0 seconds to construct Param gen_storage_efficiency; 0 index total
           0 seconds to construct Param gen_store_to_release_ratio; 0 index total
           0 seconds to construct Param gen_storage_energy_to_power_ratio; 0 index total
           0 seconds to construct Param gen_storage_max_cycles_per_year; 0 index total
           0 seconds to construct Set STORAGE_GEN_BLD_YRS; 1 index total
           0 seconds to construct Param gen_storage_energy_overnight_cost; 0 index total
           0 seconds to construct BuildCheck min_data_check_12; 1 index total
           0 seconds to construct Param build_gen_energy_predetermined; 501 indices total
           0 seconds to construct Var BuildStorageEnergy; 0 index total
           0 seconds to construct Set StorageEnergyCapitalCost_index; 1 index total
           0 seconds to construct Set StorageEnergyCapitalCost_index; 1 index total
           0 seconds to construct Expression StorageEnergyCapitalCost; 0 index total
           0 seconds to construct Expression StorageEnergyFixedCost; 1 index total
           0 seconds to construct Set StorageEnergyCapacity_index; 1 index total
           0 seconds to construct Set StorageEnergyCapacity_index; 1 index total
           0 seconds to construct Expression StorageEnergyCapacity; 0 index total
           0 seconds to construct Set STORAGE_GEN_TPS; 1 index total
           0 seconds to construct Var ChargeStorage; 0 index total
           0 seconds to construct Set StorageNetCharge_index; 1 index total
           0 seconds to construct Set StorageNetCharge_index; 1 index total
        0.01 seconds to construct Expression StorageNetCharge; 960 indices total
           0 seconds to construct Constraint Enforce_Fixed_Energy_Storage_Ratio; 0 index total
Constructed 189 of 209 components (90%)
           0 seconds to construct Constraint Charge_Storage_Upper_Limit; 0 index total
           0 seconds to construct Var StateOfCharge; 0 index total
           0 seconds to construct Constraint Track_State_Of_Charge; 0 index total
           0 seconds to construct Constraint State_Of_Charge_Upper_Limit; 0 index total
           0 seconds to construct Constraint Battery_Cycle_Limit; 0 index total
           0 seconds to construct Set ZONE_FUEL_PERIODS; 1 index total
           0 seconds to construct Param fuel_cost; 45 indices total
           0 seconds to construct BuildCheck min_data_check_13; 1 index total
        0.15 seconds to construct Set GEN_TP_FUELS_UNAVAILABLE; 1 index total
        0.07 seconds to construct Constraint Enforce_Fuel_Unavailability; 9024 indices total
        0.11 seconds to construct Expression FuelCostsPerTP; 192 indices total
           0 seconds to construct Param carbon_cap_tco2_per_yr; 1 index total
           0 seconds to construct Constraint Enforce_Carbon_Cap; 1 index total
           0 seconds to construct Param carbon_cost_dollar_per_tco2; 1 index total
           0 seconds to construct Expression EmissionsCosts; 1 index total
           0 seconds to construct Expression SystemCostPerPeriod; 1 index total
           0 seconds to construct Expression SystemCost; 1 index total
           0 seconds to construct Objective Minimize_System_Cost; 1 index total
        0.02 seconds to construct Constraint Zone_Energy_Balance; 960 indices total
Constructed 209 of 209 components (100%)
Model instance constructed in 9.44 s.

Executing pre-solve functions...
Completed pre-solve processing in 10.30 s.

Solving model...
--------------------------------- solver output --------------------------------

Welcome to IBM(R) ILOG(R) CPLEX(R) Interactive Optimizer 22.1.1.0
  with Simplex, Mixed Integer & Barrier Optimizers
5725-A06 5725-A29 5724-Y48 5724-Y49 5724-Y54 5724-Y55 5655-Y21
Copyright IBM Corp. 1988, 2022.  All Rights Reserved.

Type 'help' for a list of available commands.
Type 'help' followed by a command name for more
information on commands.

CPLEX> Logfile 'cplex.log' closed.
Logfile 'C:\Users\juanj\AppData\Local\Temp\tmpa18x6a58.cplex.log' open.
CPLEX> New value for method for linear optimization: 4
CPLEX> New value for solution information CPLEX will attempt to compute: 2
CPLEX> Problem 'C:\Users\juanj\AppData\Local\Temp\tmpwm4w7a64.pyomo.lp' read.
Read time = 0.27 sec. (12.66 ticks)
CPLEX> Problem name         : C:\Users\juanj\AppData\Local\Temp\tmpwm4w7a64.pyomo.lp
Objective sense      : Minimize
Variables            :  112616  [Nneg: 112129,  Fix: 487]
Objective nonzeros   :  102055
Linear constraints   :  122115  [Less: 93506,  Equal: 28609]
  Nonzeros           :  330248
  RHS nonzeros       :     963

Variables            : Min LB: 0.000000         Max UB: 1250.000       
Objective nonzeros   : Min   : 11.32875         Max   : 366302.8       
Linear constraints   :
  Nonzeros           : Min   : 1.272035e-06     Max   : 15.71480       
  RHS nonzeros       : Min   : 1.000000         Max   : 1.000000e+14   
CPLEX> Version identifier: 22.1.1.0 | 2022-11-27 | 9160aff4d
CPXPARAM_LPMethod                                4
CPXPARAM_SolutionType                            2
Tried aggregator 1 time.
LP Presolve eliminated 121731 rows and 105494 columns.
Reduced LP has 384 rows, 7122 columns, and 7122 nonzeros.
Presolve time = 0.14 sec. (74.91 ticks)
Parallel mode: using up to 4 threads for barrier.
Number of nonzeros in lower triangle of A*A' = 0
Using Approximate Minimum Degree ordering
Total time for automatic ordering = 0.00 sec. (0.06 ticks)
Summary statistics for Cholesky factor:
  Threads                   = 4
  Rows in Factor            = 384
  Integer space required    = 384
  Total non-zeros in factor = 384
  Total FP ops to factor    = 384
 Itn      Primal Obj        Dual Obj  Prim Inf Upper Inf  Dual Inf Inf Ratio
   0   8.8175103e+09   5.9289775e+09  5.98e+03  2.51e+05  1.52e+03  1.00e+00
   1   8.7262810e+09   5.8773601e+09  5.90e+03  2.48e+05  1.50e+03  9.30e-04
   2   8.6123598e+09   5.8489748e+09  5.72e+03  2.40e+05  1.45e+03  5.60e-04
   3   8.5713773e+09   5.8340760e+09  5.67e+03  2.38e+05  1.44e+03  4.08e-04
   4   8.4386014e+09   5.7877547e+09  5.49e+03  2.30e+05  1.39e+03  2.16e-04
   5   8.3300074e+09   5.7738266e+09  5.29e+03  2.22e+05  1.34e+03  1.45e-04
   6   8.1927007e+09   5.7714076e+09  5.01e+03  2.10e+05  1.27e+03  1.01e-04
   7   8.0701741e+09   5.8098306e+09  4.74e+03  1.99e+05  9.88e+02  4.83e-05
   8   7.9557073e+09   5.9071083e+09  4.45e+03  1.87e+05  7.34e+02  3.52e-05
   9   7.6932939e+09   6.0509163e+09  3.73e+03  1.56e+05  4.93e+02  3.02e-05
  10   7.5409312e+09   6.1751195e+09  3.25e+03  1.37e+05  3.54e+02  3.08e-05
  11   7.3991733e+09   6.2898739e+09  2.80e+03  1.17e+05  2.40e+02  3.36e-05
  12   7.2157213e+09   6.3781044e+09  2.18e+03  9.14e+04  1.64e+02  3.83e-05
  13   7.0015660e+09   6.4584468e+09  1.37e+03  5.77e+04  1.13e+02  4.64e-05
  14   6.8411465e+09   6.5314797e+09  6.87e+02  2.88e+04  7.59e+01  6.07e-05
  15   6.7761933e+09   6.5698272e+09  3.44e+02  1.45e+04  5.97e+01  7.49e-05
  16   6.7442534e+09   6.6168335e+09  1.56e+02  6.57e+03  4.07e+01  1.09e-04
  17   6.7272375e+09   6.6655084e+09  5.01e+01  2.10e+03  2.14e+01  2.08e-04
  18   6.7193183e+09   6.6937959e+09  1.42e+01  5.95e+02  9.44e+00  4.88e-04
  19   6.7152366e+09   6.7088602e+09  3.54e+00  1.49e+02  2.36e+00  2.22e-03
  20   6.7130544e+09   6.7114770e+09  8.07e-01  3.39e+01  6.19e-01  8.46e-03
  21   6.7125394e+09   6.7121964e+09  1.61e-01  6.74e+00  1.43e-01  3.77e-02
  22   6.7124304e+09   6.7123764e+09  3.31e-02  1.39e+00  1.78e-02  3.08e-01
  23   6.7124019e+09   6.7123986e+09  7.27e-04  3.05e-02  1.91e-03  2.81e+00
  24   6.7124014e+09   6.7124010e+09  2.27e-06  9.53e-05  2.44e-04  2.21e+01
  25   6.7124013e+09   6.7124013e+09  1.79e-08  7.49e-07  1.92e-06  5.16e+03
Barrier time = 0.20 sec. (117.53 ticks)

Total time on 4 threads = 0.20 sec. (117.53 ticks)

Barrier - Optimal:  Objective =  6.7124013485e+09
Solution time =    0.22 sec.  Iterations = 25
Deterministic time = 117.53 ticks  (536.67 ticks/sec)

CPLEX> Solution written to file 'C:\Users\juanj\AppData\Local\Temp\tmpphifv5um.cplex.sol'.
CPLEX> ---------------------------- end of solver output ----------------------------

Solved model. Total time spent in solver: 12.64 s.

Optimization termination condition was optimal.

Executing post-solve functions...
Completed post-solve processing in 15.08 s.

Switch completed successfully in 38.12 s.
================================================================================

