logging output to logs\2024-06-25_22-37-50.log

================================================================================
Switch 2.0.7, https://switch-model.org
================================================================================
Arguments:
    log_run_to_file=True, logs_dir='logs', log_level='debug',
    inputs_dir='inputs', suffixes=['dual'], solver='cplex',
    solver_manager='serial', solver_options_string='lpmethod=4 solutiontype=2',
    tee=True, outputs_dir='outputs', no_save_solution=True, verbose=True

Modules:
    switch_model, switch_model.timescales, switch_model.financials,
    switch_model.balancing.load_zones, switch_model.energy_sources.properties,
    switch_model.generators.core.build, switch_model.generators.core.dispatch,
    switch_model.reporting, switch_model.generators.core.no_commit,
    switch_model.generators.extensions.hydro_simple,
    switch_model.generators.extensions.storage,
    switch_model.energy_sources.fuel_costs.simple,
    switch_model.policies.carbon_policies, switch_model.solve
================================================================================

Model defined in 0.12 s.

Loading inputs...
Data read in 1.06 s.

Constructing model instance from data and rules...
           0 seconds to construct Set PERIODS; 1 index total
Constructed 1 of 209 components (0%)
           0 seconds to construct Param period_start; 1 index total
           0 seconds to construct Param period_end; 1 index total
           0 seconds to construct BuildCheck min_data_check_0; 1 index total
           0 seconds to construct Set TIMESERIES; 1 index total
           0 seconds to construct Param ts_period; 8 indices total
           0 seconds to construct Param ts_duration_of_tp; 8 indices total
           0 seconds to construct Param ts_num_tps; 8 indices total
           0 seconds to construct Param ts_scale_to_period; 8 indices total
           0 seconds to construct BuildCheck min_data_check_1; 1 index total
           0 seconds to construct Set TIMEPOINTS; 1 index total
           0 seconds to construct Param tp_ts; 192 indices total
           0 seconds to construct BuildCheck min_data_check_2; 1 index total
           0 seconds to construct Param tp_timestamp; 192 indices total
           0 seconds to construct Param tp_duration_hrs; 192 indices total
           0 seconds to construct Param tp_weight; 192 indices total
           0 seconds to construct Set TPS_IN_TS; 8 indices total
           0 seconds to construct Param tp_period; 192 indices total
           0 seconds to construct Set TS_IN_PERIOD; 1 index total
           0 seconds to construct Set TPS_IN_PERIOD; 1 index total
           0 seconds to construct Param add_one_to_period_end; 1 index total
Constructed 21 of 209 components (10%)
           0 seconds to construct Param period_length_years; 1 index total
           0 seconds to construct Param period_length_hours; 1 index total
           0 seconds to construct Set CURRENT_AND_PRIOR_PERIODS_FOR_PERIOD; 1 index total
           0 seconds to construct Param ts_scale_to_year; 8 indices total
           0 seconds to construct Param ts_duration_hrs; 8 indices total
           0 seconds to construct Param tp_weight_in_year; 192 indices total
           0 seconds to construct Param tp_previous; 192 indices total
           0 seconds to construct BuildCheck validate_time_weights; 1 index total
           0 seconds to construct BuildCheck validate_period_lengths; 1 index total
           0 seconds to construct Param base_financial_year; 1 index total
           0 seconds to construct Param interest_rate; 1 index total
           0 seconds to construct Param discount_rate; 1 index total
           0 seconds to construct BuildCheck min_data_check_3; 1 index total
           0 seconds to construct Param bring_annual_costs_to_base_year; 1 index total
           0 seconds to construct Param bring_timepoint_costs_to_base_year; 192 indices total
           0 seconds to construct Set LOAD_ZONES; 1 index total
           0 seconds to construct Set SetProduct_OrderedSet; 1 index total
           0 seconds to construct Set SetProduct_OrderedSet; 1 index total
        0.01 seconds to construct Set ZONE_TIMEPOINTS; 1 index total
           0 seconds to construct Param zone_demand_mw; 960 indices total
           0 seconds to construct Param zone_ccs_distance_km; 5 indices total
           0 seconds to construct Param zone_dbid; 5 indices total
           0 seconds to construct BuildCheck min_data_check_4; 1 index total
Constructed 42 of 209 components (20%)
           0 seconds to construct Set EXTERNAL_COINCIDENT_PEAK_DEMAND_ZONE_PERIODS_domain; 1 index total
           0 seconds to construct Set EXTERNAL_COINCIDENT_PEAK_DEMAND_ZONE_PERIODS_domain; 1 index total
           0 seconds to construct Set EXTERNAL_COINCIDENT_PEAK_DEMAND_ZONE_PERIODS; 1 index total
           0 seconds to construct Param zone_expected_coincident_peak_demand; 0 index total
           0 seconds to construct Set zone_total_demand_in_period_mwh_index; 1 index total
           0 seconds to construct Set zone_total_demand_in_period_mwh_index; 1 index total
           0 seconds to construct Param zone_total_demand_in_period_mwh; 5 indices total
           0 seconds to construct Set NON_FUEL_ENERGY_SOURCES; 1 index total
           0 seconds to construct Set FUELS; 1 index total
           0 seconds to construct Param f_co2_intensity; 14 indices total
           0 seconds to construct Param f_upstream_co2_intensity; 14 indices total
           0 seconds to construct BuildCheck min_data_check_5; 1 index total
           0 seconds to construct Set SetIntersection_OrderedSet; 1 index total
           0 seconds to construct Set SetIntersection_OrderedSet; 1 index total
           0 seconds to construct BuildCheck e_source_is_fuel_or_not_check; 1 index total
           0 seconds to construct Set SetUnion_OrderedSet; 1 index total
           0 seconds to construct Set SetUnion_OrderedSet; 1 index total
           0 seconds to construct Set ENERGY_SOURCES; 1 index total
           0 seconds to construct BuildCheck min_data_check_6; 1 index total
           0 seconds to construct Set GENERATION_PROJECTS; 1 index total
           0 seconds to construct Param gen_dbid; 611 indices total
           0 seconds to construct Param gen_tech; 611 indices total
           0 seconds to construct Set GENERATION_TECHNOLOGIES; 1 index total
           0 seconds to construct Param gen_energy_source; 611 indices total
           0 seconds to construct Param gen_load_zone; 611 indices total
           0 seconds to construct Param gen_max_age; 611 indices total
           0 seconds to construct Param gen_is_variable; 611 indices total
Constructed 63 of 209 components (30%)
           0 seconds to construct Param gen_is_baseload; 611 indices total
           0 seconds to construct Param gen_is_cogen; 611 indices total
           0 seconds to construct Param gen_is_distributed; 611 indices total
           0 seconds to construct Param gen_scheduled_outage_rate; 611 indices total
           0 seconds to construct Param gen_forced_outage_rate; 611 indices total
           0 seconds to construct BuildCheck min_data_check_7; 1 index total
           0 seconds to construct Set GENS_IN_ZONE; 5 indices total
           0 seconds to construct Set VARIABLE_GENS; 1 index total
           0 seconds to construct Set VARIABLE_GENS_IN_ZONE; 5 indices total
           0 seconds to construct Set BASELOAD_GENS; 1 index total
           0 seconds to construct Set GENS_BY_TECHNOLOGY; 5 indices total
           0 seconds to construct Set CAPACITY_LIMITED_GENS; 1 index total
           0 seconds to construct Param gen_capacity_limit_mw; 1 index total
           0 seconds to construct Set DISCRETELY_SIZED_GENS; 1 index total
           0 seconds to construct Param gen_unit_size; 50 indices total
           0 seconds to construct Set CCS_EQUIPPED_GENS; 1 index total
           0 seconds to construct Param gen_ccs_capture_efficiency; 0 index total
           0 seconds to construct Param gen_ccs_energy_load; 0 index total
           0 seconds to construct Param gen_uses_fuel; 611 indices total
           0 seconds to construct Set NON_FUEL_BASED_GENS; 1 index total
           0 seconds to construct Set FUEL_BASED_GENS; 1 index total
Constructed 84 of 209 components (40%)
           0 seconds to construct Param gen_full_load_heat_rate; 97 indices total
           0 seconds to construct Set MULTIFUEL_GENS; 1 index total
           0 seconds to construct Set MULTI_FUEL_GEN_FUELS; 1 index total
           0 seconds to construct Set FUELS_FOR_MULTIFUEL_GEN; 0 index total
           0 seconds to construct Set FUELS_FOR_GEN; 97 indices total
           0 seconds to construct Set GENS_BY_ENERGY_SOURCE; 21 indices total
           0 seconds to construct Set GENS_BY_NON_FUEL_ENERGY_SOURCE; 7 indices total
           0 seconds to construct Set GENS_BY_FUEL; 14 indices total
           0 seconds to construct Set PREDETERMINED_GEN_BLD_YRS; 1 index total
           0 seconds to construct Set SetProduct_OrderedSet; 1 index total
           0 seconds to construct Set SetProduct_OrderedSet; 1 index total
ERROR: Constructing component 'GEN_BLD_YRS' from data={None: [('PAIPA 1',
    1963), ('ZIPAEMG2', 1964), ('GUADALUPE 3', 1972), ('GUADALUPE 4', 1972),
    ('PAIPA 2', 1975), ('ZIPAEMG3', 1976), ('BARRANQUILL3', 1980),
    ('BARRANQUILL4', 1980), ('CARTAGENA2', 1980), ('CARTAGENA3', 1980),
    ('CARTAGGAS2', 1980), ('CARTAGGAS3', 1980), ('COMP. ESPINO', 1980), ('DESV
    RBLANCO', 1980), ('E_Atlanti168', 1980), ('H_DonaTere', 1980),
    ('H_Flautas', 1980), ('H_SanJosMoII', 1980), ('H_Tumaco1', 1980), ('RB
    ACHU-ESPI', 1980), ('RB ACHURY', 1980), ('RB ESPI-ALIC', 1980),
    ('RIOGRANDE 1', 1980), ('S ACUEDU-BOG', 1980), ('S_7X19.9', 1980),
    ('S_BRS60', 1980), ('T_AguaAzul1', 1980), ('T_AguaAzul2', 1980),
    ('T_ArgoCartag', 1980), ('T_ArgosYumbo', 1980), ('T_AutArCairo', 1980),
    ('T_AutFertico', 1980), ('T_AutHormiga', 1980), ('T_AutoFamili', 1980),
    ('T_AutogCDSTM', 1980), ('T_AutoUnibol', 1980), ('T_AutoYaguar', 1980),
    ('T_AutTurgas', 1980), ('T_Bello', 1980), ('T_Bioenergy', 1980),
    ('T_BiogDJuana', 1980), ('T_Castilla1', 1980), ('T_CoCocaCola', 1980),
    ('T_CoColtejer', 1980), ('T_CogCabanas', 1980), ('T_CogIncauca', 1980),
    ('T_CogPapeles', 1980), ('T_CogProenca', 1980), ('T_CoIngscarl', 1980),
    ('T_CoManuelit', 1980), ('T_CoMayagues', 1980), ('T_CoProviden', 1980),
    ('T_CoRioPaila', 1980), ('T_CoRisarald', 1980), ('T_DonJuanaII', 1980),
    ('T_EgipPalmas', 1980), ('T_IngCarmerI', 1980), ('T_IngPichich', 1980),
    ('T_IngPichiI', 1980), ('T_Mechero4', 1980), ('T_Mechero5', 1980),
    ('T_Mechero6', 1980), ('T_Piedras', 1980), ('T_ProencaII', 1980),
    ('T_Reficar', 1980), ('T_Tequendama', 1980), ('T_TerBolivar', 1980),
    ('T_TerCapacho', 1980), ('T_Termotame', 1980), ('T_TermYopal1', 1980),
    ('T_UatOrito', 1980), ('TUNEL CHUZA', 1980), ('ZIPAEMG4', 1981), ('PAIPA
    3', 1982), ('GUAJ1GAS', 1983), ('GUAJIRA1', 1983), ('H_Ayura', 1983),
    ('TASAJERO 1', 1985), ('ZIPAEMG5', 1985), ('GUAJ2GAS', 1987), ('GUAJIRA2',
    1987), ('SAN CARLOS', 1987), ('LA GUACA', 1988), ('FLORES 1', 1993),
    ('FLORES1GN', 1993), ('PROELECTRIC1', 1993), ('PROELECTRIC2', 1993), ('LA
    TASAJERA', 1994), ('CARTAGENA1', 1995), ('CARTAGGAS1', 1995),
    ('TERMODORADA1', 1997), ('TERMODORAGAS', 1997), ('MERILECTRICA', 1998),
    ('TEBSAB', 1998), ('TEBSAGIM', 1998), ('TERMOSIERRA', 1998),
    ('TSIERRAGAS', 1998), ('PAIPA 4', 1999), ('TERMOEMCALI', 1999),
    ('TERMOEMCGAS', 1999), ('CANDELARIA1', 2000), ('CANDELARIA2', 2000),
    ('TERMOCENTRO', 2000), ('PORCE II', 2001), ('MIEL I', 2002), ('PORCE III',
    2002), ('H_ElLimonar', 2003), ('TERMO YOPAL2', 2004), ('FLORES4', 2010),
    ('FLORES4GIM', 2010), ('TERMOVAGAS', 2011), ('TERMOVALLE', 2011), ('DARIO
    VALENC', 2014), ('SALTO II', 2014), ('EL QUIMBO', 2015), ('TASAJERO 2',
    2015), ('TC_GECELCA3', 2015), ('S_Latam1', 2018), ('S_Latam2', 2018),
    ('S_Ponedera', 2018), ('TC_GECELCA32', 2018), ('TERMONORTE', 2018),
    ('S_Malambo', 2019), ('S_Awalara', 2020), ('S_Codazzi1', 2020),
    ('S_Codazzi2', 2020), ('S_Jireh', 2020), ('TERMOYOPALG3', 2020),
    ('TERMOYOPALG4', 2020), ('S_Barranca', 2021), ('S_Carmelo', 2021),
    ('S_Gamarrita1', 2021), ('S_Gamarrita2', 2021), ('S_Gamarrita3', 2021),
    ('S_PalmaSeca', 2021), ('S_PEESA', 2021), ('S_PoloNuevo1', 2021),
    ('S_Roldanillo', 2021), ('S_Trebol', 2021), ('TERMOYOPALG5', 2021),
    ('ELTESORITO', 2022), ('S_Andaluci', 2022), ('S_Cartago', 2022),
    ('S_Guayacanes', 2022), ('S_LaSierra', 2022), ('S_Ocobos', 2022),
    ('S_SabanaLarg', 2023), ('S_ValleSol', 2022), ('S_Zarzal2', 2022),
    ('S_Nabusimake', 2023), ('S_NRColI', 2023), ('S_Zawad', 2023),
    ('H_RioCali', 1925), ('H_SanCancio', 1929), ('H_Patico', 1930),
    ('H_PaticoCab', 1930), ('H_Asnazu', 1934), ('H_Caracoli', 2023),
    ('H_ElBosque', 1935), ('H_Municipal', 1935), ('H_Union', 1935),
    ('H_AltoOvejas', 1939), ('H_Belmonte', 1939), ('H_Ovejas', 1939),
    ('H_JulioBravo', 1942), ('H_Nima', 1942), ('H_Bayona', 1943),
    ('H_Cascada', 1954), ('H_LasPalmas', 1954), ('H_RioFrioI', 1954),
    ('H_RioSapuye', 1954), ('H_IquiraI', 1955), ('H_CampestreC', 1956),
    ('BAJOANCHICAY', 1957), ('H_VentanaA', 1957), ('H_VentanaB', 1957),
    ('H_Mondomo', 1958), ('H_Rio_Recio', 1958), ('H_RioBobo', 1960),
    ('H_RioPalo', 1960), ('ESMERALDA', 1963), ('H_IquiraII', 1965),
    ('H_LaPita', 1965), ('TRONERAS', 1965), ('CALIMA', 1967), ('SANFRANCISCO',
    1969), ('PRADO', 1973), ('ALTOANCHICAY', 1974), ('H_Intermedia', 1974),
    ('H_Florida', 1975), ('H_LaFlorida', 2024), ('CHIVOR', 1977),
    ('AF_RIOCUCUA', 1980), ('AF_SNMARCOS', 1980), ('CHINCHINA', 1980),
    ('DESANFRAN', 1980), ('DOLORES', 1980), ('DS_SNMARCOS', 2022),
    ('ESTRELLA', 1980), ('GUARINO', 1980), ('GUATAPE', 1980), ('H_AuresAlto',
    2027), ('H_AuresBajo', 1980), ('H_AurraSucia', 2024), ('H_Barrancas',
    1980), ('H_Buco', 1980), ('H_Cantayus', 1980), ('H_Cauquillo', 1980),
    ('H_Cauya', 1980), ('H_CHLaNoque', 2023), ('H_Chorrera', 1980),
    ('H_Chorrerita', 2026), ('H_Cocuyo', 1980), ('H_Coello', 1980),
    ('H_Conde', 2024), ('H_Dovio', 1980), ('H_ElEden', 1980), ('H_ElMolino',
    1980), ('H_Frazadas', 1980), ('H_Frisolera', 1980), ('H_Guachicono',
    1980), ('H_Guaico', 2026), ('H_Guaviomeno', 1980), ('H_Hidroarqui', 1980),
    ('H_Hidronare', 2025), ('H_JuanGarcia', 1980), ('H_LaRebusca', 1980),
    ('H_Libertad', 1980), ('H_LuzMaI', 1980), ('H_LuzMaII', 1980),
    ('H_Magallo', 1980), ('H_Montebonit', 1980), ('H_MorroAzul', 1980),
    ('H_Naveta', 1980), ('H_Oibita', 2023), ('H_PacoraI', 1980),
    ('H_PacoraII', 1980), ('H_Paloma', 1980), ('H_PanderiscI', 2025),
    ('H_Paraiso', 1980), ('H_PiacoraI', 1980), ('H_PiacoraII', 1980),
    ('H_Piendamo', 1980), ('H_Pocune', 1980), ('H_Porce3Meno', 1980),
    ('H_ProvidencI', 1980), ('H_RioBravoCa', 1980), ('H_RioFrioTam', 1980),
    ('H_RioHondo', 2026), ('H_RioMulato2', 1980), ('H_RioMultat1', 2024),
    ('H_RioNegro', 1980), ('H_RioVerde', 2025), ('H_SanAndres2', 1980),
    ('H_SanMatias', 1980), ('H_SantaInes', 2026), ('H_SantaRosa', 2026),
    ('H_SBartolome', 2023), ('H_Sirgua', 2024), ('H_Tatefanes', 1980),
    ('H_TuluaBajo', 1980), ('H_Tunjita', 1980), ('H_TZII', 1980),
    ('H_Vequedo', 2026), ('H_Versalles', 1980), ('H_Violetas', 1980),
    ('H_Zeus', 1980), ('INSULA', 1980), ('LAGUN-LIMON', 1980), ('MANSO',
    1980), ('MIRAFLORES', 1980), ('MUNA', 1980), ('NECHI', 1980), ('NEGRO',
    1980), ('NEGRORUCIO', 1980), ('NEUSA', 1980), ('NIQUIA', 1980),
    ('PAJARITO', 1980), ('PRADO4', 1980), ('QUEBRADONA', 1980), ('RUCIO',
    1980), ('S_AutMalambo', 2024), ('S_Corocora', 2024), ('S_Domenica', 2024),
    ('S_ElGaban2', 2028), ('S_Hatogrande', 2024), ('S_LaPaloma', 2025),
    ('S_Monteliban', 2024), ('S_Novillero', 2024), ('S_Playitas', 2026),
    ('S_Santander', 2024), ('S_Sue1', 2024), ('S_TolimaNort', 2024),
    ('S_Uraba1', 2024), ('S_Uraba2', 2024), ('S_Zuba1', 2024), ('S_Zuba2',
    2024), ('SISGA', 1980), ('T_AutoSogamo', 1980), ('T_MilpaSamac', 1980),
    ('TENCHE', 1980), ('TEQUEND1-4', 1980), ('TOMINE', 1980), ('TUNJITA',
    1980), ('CHUZA', 1982), ('BETANIA', 1987), ('PARAISO', 1987), ('JAGUAS',
    1988), ('PLAYAS', 1988), ('H_Guacaica', 1992), ('H_Manantiale', 1992),
    ('GUAVIO', 1993), ('H_Niquia', 1993), ('H_Nuevoliba', 1994), ('H_Silvia',
    1994), ('H_RioMayo', 1995), ('H_Sajandi', 1995), ('SALVAJINA', 1995),
    ('CALDERAS', 1996), ('H_RioFrioII', 1996), ('H_America', 1997),
    ('H_CampestreE', 1997), ('H_Nutibara', 1997), ('H_Pajarito', 1999),
    ('H_Rumor', 1999), ('H_Coconuco', 2000), ('H_RioPiedras', 2000), ('URRA',
    2000), ('H_Puente_Gui', 2001), ('H_Sonson', 2002), ('H_Sueva2', 2002),
    ('CHARQUITO', 2003), ('H_SanJose', 2003), ('E_Jepirachi', 2004),
    ('H_AutCemNare', 2004), ('H_Herradura', 2004), ('H_La_Vuelta', 2004),
    ('H_Mirolindo', 2004), ('H_Pastales', 2004), ('H_SantaAna', 2005),
    ('H_AguaFresca', 2007), ('H_Amalfi', 2007), ('H_CascadaAnt', 2007),
    ('H_CascadaGra', 2023), ('H_LaCascada', 2007), ('H_Remedios', 2007),
    ('H_RioGrande', 2007), ('H_SanjoseMon', 2007), ('H_Urrao', 2007),
    ('H_Inza', 2009), ('H_Amaime', 2010), ('H_Caruquia', 2010),
    ('H_Currucucue', 2010), ('H_Guanaquita', 2010), ('H_SantaRita', 2010),
    ('H_Santiago', 2010), ('H_Barroso', 2012), ('H_Montanitas', 2012),
    ('H_SFrancisPu', 2012), ('H_TuluaAlto', 2012), ('AMOYA', 2013), ('H_Suba',
    2013), ('H_Usaquen', 2013), ('H_Altamira', 2026), ('H_ElPopal', 2014),
    ('SOGAMOSO', 2014), ('C_LLERAS_R', 2015), ('CUCUANA', 2015), ('SNMIGUEL',
    2015), ('H_Alejandria', 2016), ('S_Yumbo', 2016), ('S_ElRoble', 2024),
    ('S_SolBolivar', 2018), ('E_Carreto', 2023), ('ESCUELAMINAS', 2019),
    ('S_ElJardin', 2025), ('S_MalamboI', 2024), ('E_GuajiraI', 2023),
    ('E_Wayuu', 2023), ('S_Carare', 2024), ('S_Charcos', 2024),
    ('S_Chinchina', 2024), ('S_CordobaI', 2020), ('S_ElLago1', 2025),
    ('S_ElLago2', 2025), ('S_Espinal', 2020), ('S_Filigrana', 2023),
    ('S_FVLizama', 2024), ('S_LaOrquidea', 2025), ('S_Levapan', 2025),
    ('S_Paloblanc1', 2025), ('S_Paloblanc2', 2025), ('S_Paloblanc3', 2025),
    ('S_ParqueUrra', 2023), ('S_PlanetaRic', 2023), ('S_Pradera', 2023),
    ('S_Union', 2023), ('E_Ahumado', 2024), ('S_Alejandria', 2023),
    ('S_Alma1', 2023), ('S_Alma2', 2023), ('S_AtlanticIV', 2024), ('S_BadelI',
    2023), ('S_Bayunca1', 2021), ('S_Belmonte', 2021), ('S_BSLlanos', 2023),
    ('S_BSLlanos1', 2021), ('S_BSLlanos2', 2021), ('S_BSLlanos3', 2021),
    ('S_BSLlanos4', 2021), ('S_BSLlanos5', 2021), ('S_BSLLanos7', 2023),
    ('S_Cabelleros', 2021), ('S_Caracoli', 2023), ('S_Ceiba', 2023),
    ('S_Cerrito', 2021), ('S_Colorados', 2023), ('S_Colorados2', 2023),
    ('S_Cordobita', 2023), ('S_CRLI', 2023), ('S_DelphiHeli', 2021),
    ('S_Dulima', 2023), ('S_ElColibri', 2023), ('S_Guachal1', 2025),
    ('S_Guachal2', 2028), ('S_Guachal3', 2025), ('S_Gualanday', 2023),
    ('S_Guayacan', 2023), ('S_JuanaMaria', 2023), ('S_JuanMina', 2024),
    ('S_Jumi', 2023), ('S_KairoI', 2021), ('S_KairoII', 2021), ('S_KairoIII',
    2021), ('S_LaFortuna', 2024), ('S_LaIguana', 2023), ('S_LaMartina', 2024),
    ('S_LasMarias', 2023), ('S_MataRedond', 2023), ('S_Medin', 2021),
    ('S_Oicata', 2023), ('S_Paila', 2021), ('S_Paipa_I', 2023), ('S_Paipa_II',
    2023), ('S_PoloNuevo2', 2023), ('S_Prosperida', 2023), ('S_PuertaOro',
    2021), ('S_Sachica', 2023), ('S_SanIsidro', 2023), ('S_SFrancisco', 2023),
    ('S_Sierpe', 2021), ('S_TamarindI', 2023), ('S_TamarindII', 2023),
    ('S_TierraLind', 2023), ('S_Tolua', 2023), ('S_Valledupar', 2025),
    ('S_Villavieja', 2026), ('S_ZambranoII', 2023), ('ITUANGO', 2022),
    ('S_Andes', 2024), ('S_Arenal', 2023), ('S_AtlanPhoto', 2023),
    ('S_Atlantico1', 2024), ('S_AutBavaria', 2023), ('S_Baranoa', 2023),
    ('S_BSBolvr500', 2023), ('S_BSBolvr501', 2023), ('S_BSBolvr502', 2023),
    ('S_BSBolvr503', 2023), ('S_BSBolvr504', 2023), ('S_Bugalagr', 2023),
    ('S_CBarbosaI', 2022), ('S_CBarbosaII', 2022), ('S_Chicamoch1', 2023),
    ('S_Chicamoch2', 2023), ('S_Chicamoch4', 2027), ('S_Chicamocha', 2023),
    ('S_Cimitarra', 2022), ('S_CordobaII', 2023), ('S_CSBuga1', 2022),
    ('S_El_Paso', 2022), ('S_Flandes', 2023), ('S_Girasoles', 2023),
    ('S_GranjaSanF', 2022), ('S_GrSFelipe', 2022), ('S_Harinas', 2022),
    ('S_LaCayena', 2024), ('S_LaMata', 2023), ('S_LaMina', 2024),
    ('S_Lanceros', 2022), ('S_LatamSolar', 2023), ('S_Macaregua', 2025),
    ('S_ParqueOLDT', 2023), ('S_PetaloMagd', 2023), ('S_PetaloSucr', 2023),
    ('S_PN1', 2023), ('S_PortonSol', 2023), ('S_Primavera', 2024),
    ('S_PSBochica', 2024), ('S_PSFBaranoa', 2023), ('S_SanFelipe', 2023),
    ('S_SGD', 2023), ('S_Since', 2022), ('S_Sincerin', 2023), ('S_Sunnorte',
    2023), ('S_Tepuy', 2023), ('S_TerTasajer', 2022), ('S_Toluviejo', 2024),
    ('S_Tucanes', 2022), ('S_Ubate', 2023), ('S_Victoria1', 2023),
    ('S_Victoria2', 2023), ('S_yariguies', 2024), ('S_Yuma', 2023),
    ('S_Zapatoca', 2023), ('S_Zarzal1', 2022), ('CAMPOALEGRE', 2023),
    ('E_Acacias2', 2023), ('E_Camelia', 2024), ('E_Culantral', 2023),
    ('E_Magdalena', 2023), ('E_ParqueAlph', 2024), ('E_ParqueBeta', 2024),
    ('E_Windpeshi', 2024), ('S_Andromeda', 2024), ('S_ApuloSol1', 2023),
    ('S_ApuloSolII', 2025), ('S_ArdobelaI', 2023), ('S_ArdobelaII', 2023),
    ('S_Barranquit', 2023), ('S_BrisaSol3', 2023), ('S_Buenavista', 2023),
    ('S_Carreto', 2027), ('S_CentroSola', 2023), ('S_Chinu', 2024),
    ('S_Dinamarca', 2023), ('S_ElArbolito', 2023), ('S_ElBongo', 2024),
    ('S_ElCampano', 2023), ('S_ElCopey', 2025), ('S_ElGuamo', 2023),
    ('S_ElTropezon', 2023), ('S_EMCALI1', 2024), ('S_EMCALI2', 2025),
    ('S_Escobal1', 2023), ('S_Escobal2', 2023), ('S_Escobal3', 2023),
    ('S_Escobal4', 2023), ('S_Escobal5', 2023), ('S_Fundacion', 2023),
    ('S_Guayepo', 2024), ('S_HondaSol1', 2023), ('S_HondaSol2', 2023),
    ('S_JacobTolu', 2024), ('S_LaMena', 2023), ('S_LaTabla', 2024),
    ('S_Morichal', 2023), ('S_Morrosqll1', 2023), ('S_Morrosqll2', 2023),
    ('S_Morrosqll3', 2023), ('S_Natagaima', 2023), ('S_Numbana', 2023),
    ('S_Pacande', 2023), ('S_PetaCesaII', 2023), ('S_PetaloCesa', 2023),
    ('S_PiojoI', 2023), ('S_PiojoII', 2023), ('S_PiojoIII', 2023),
    ('S_PSColima', 2023), ('S_PSCondor', 2023), ('S_PSJeques', 2023),
    ('S_PSMinero', 2024), ('S_PSRockra', 2024), ('S_PSRovira', 2023),
    ('S_PtoTejada', 2023), ('S_PtrWilches', 2023), ('S_Pubenza', 2023),
    ('S_Purificac', 2023), ('S_Romosinuan', 2027), ('S_SandaloII', 2023),
    ('S_SanOro', 2024), ('S_SanPelayo', 2024), ('S_SanSerapio', 2024),
    ('S_SFPWilches', 2024), ('S_Shangrila', 2023), ('S_SoldeMarII', 2023),
    ('S_SolyCielo1', 2023), ('S_Suarez', 2023), ('S_SummaII', 2024),
    ('S_Versalles', 2023), ('E_Chemesky', 2025), ('E_IpapureE02', 2025),
    ('E_JK1', 2025), ('E_JK2', 2025), ('E_JK3', 2025), ('E_JK4', 2025),
    ('E_TumaWind', 2025), ('S_Escobal6', 2025), ('S_LigustroI', 2024),
    ('S_LigustroII', 2024), ('S_Manglares', 2024), ('S_Sahagun', 2024),
    ('S_Sahagun200', 2024), ('S_Tangara', 2024), ('S_Wimke', 2024),
    ('S_ACSASolar', 2025), ('S_Aguaclara', 2025), ('S_Barzalosa', 2025),
    ('S_Laguna', 2024), ('S_SabanaTorr', 2025), ('E_VtsAlisios', 2025)]}
    failed:
        ValueError: The value=('H_LaFlorida', 2024) violates the validation
        rule of Set GEN_BLD_YRS
